#
# There is insufficient memory for the Java Runtime Environment to continue.
# Native memory allocation (malloc) failed to allocate 221696 bytes for Chunk::new
# Possible reasons:
#   The system is out of physical RAM or swap space
#   The process is running with CompressedOops enabled, and the Java Heap may be blocking the growth of the native heap
# Possible solutions:
#   Reduce memory load on the system
#   Increase physical memory or swap space
#   Check if swap backing store is full
#   Decrease Java heap size (-Xmx/-Xms)
#   Decrease number of Java threads
#   Decrease Java thread stack sizes (-Xss)
#   Set larger code cache with -XX:ReservedCodeCacheSize=
#   JVM is running with Unscaled Compressed Oops mode in which the Java heap is
#     placed in the first 4GB address space. The Java Heap base address is the
#     maximum limit for the native heap growth. Please use -XX:HeapBaseMinAddress
#     to set the Java Heap base and to place the Java Heap above 4GB virtual address.
# This output file may be truncated or incomplete.
#
#  Out of Memory Error (allocation.cpp:390), pid=3548, tid=0x0000000000002a14
#
# JRE version: Java(TM) SE Runtime Environment (8.0_201-b09) (build 1.8.0_201-b09)
# Java VM: Java HotSpot(TM) 64-Bit Server VM (25.201-b09 mixed mode windows-amd64 compressed oops)
# Failed to write core dump. Minidumps are not enabled by default on client versions of Windows
#

---------------  T H R E A D  ---------------

Current thread (0x0000000016b36800):  JavaThread "C2 CompilerThread0" daemon [_thread_in_native, id=10772, stack(0x0000000018080000,0x0000000018180000)]

Stack: [0x0000000018080000,0x0000000018180000]
[error occurred during error reporting (printing stack bounds), id 0xc0000005]

Native frames: (J=compiled Java code, j=interpreted, Vv=VM code, C=native code)


Current CompileTask:
C2: 177583 14168       4       com.android.tools.r8.ir.conversion.JarState::endTransaction (13 bytes)


---------------  P R O C E S S  ---------------

Java Threads: ( => current thread )
  0x000000001d2a0000 JavaThread "Cache worker for Java compile cache (H:\AndroidStudioProjects\QuizQuiz\.gradle\4.10.1\javaCompile)" [_thread_blocked, id=11212, stack(0x0000000027190000,0x0000000027290000)]
  0x000000001d2a1800 JavaThread "Cache worker for Java compile cache (C:\Users\HP\.gradle\caches\4.10.1\javaCompile)" [_thread_blocked, id=4392, stack(0x0000000027090000,0x0000000027190000)]
  0x000000001d29f800 JavaThread "stdout" daemon [_thread_in_native, id=1328, stack(0x0000000026f90000,0x0000000027090000)]
  0x000000001d2a4000 JavaThread "stderr" daemon [_thread_in_native, id=4688, stack(0x0000000026e90000,0x0000000026f90000)]
  0x000000001d29e000 JavaThread "stdout" daemon [_thread_in_native, id=7480, stack(0x0000000026d90000,0x0000000026e90000)]
  0x000000001d29c800 JavaThread "stderr" daemon [_thread_in_native, id=4264, stack(0x0000000026c90000,0x0000000026d90000)]
  0x000000001d2a1000 JavaThread "stdout" daemon [_thread_in_native, id=10048, stack(0x0000000026b90000,0x0000000026c90000)]
  0x000000001ca9f800 JavaThread "stderr" daemon [_thread_in_native, id=6388, stack(0x0000000026a90000,0x0000000026b90000)]
  0x000000001ca9e000 JavaThread "pool-3-thread-1" [_thread_blocked, id=5328, stack(0x0000000026990000,0x0000000026a90000)]
  0x000000001caa2000 JavaThread "Java2D Disposer" daemon [_thread_blocked, id=4472, stack(0x0000000026890000,0x0000000026990000)]
  0x000000001ca9b000 JavaThread "Cache worker for Build Output Cleanup Cache (H:\AndroidStudioProjects\QuizQuiz\.gradle\buildOutputCleanup)" [_thread_blocked, id=1652, stack(0x0000000026490000,0x0000000026590000)]
  0x0000000019fb1000 JavaThread "Cache worker for task history cache (H:\AndroidStudioProjects\QuizQuiz\.gradle\4.10.1\taskHistory)" [_thread_blocked, id=828, stack(0x0000000026390000,0x0000000026490000)]
  0x0000000019fb0000 JavaThread "Task worker for ':' Thread 3" [_thread_blocked, id=5192, stack(0x0000000026290000,0x0000000026390000)]
  0x0000000019faf800 JavaThread "Task worker for ':' Thread 2" [_thread_blocked, id=9120, stack(0x0000000026190000,0x0000000026290000)]
  0x0000000019fa8000 JavaThread "Task worker for ':'" [_thread_blocked, id=5228, stack(0x0000000026090000,0x0000000026190000)]
  0x0000000019fae800 JavaThread "Cache worker for file content cache (H:\AndroidStudioProjects\QuizQuiz\.gradle\4.10.1\fileContent)" [_thread_blocked, id=492, stack(0x0000000025f90000,0x0000000026090000)]
  0x0000000019fa7000 JavaThread "Cache worker for file content cache (C:\Users\HP\.gradle\caches\4.10.1\fileContent)" [_thread_blocked, id=9244, stack(0x0000000025e90000,0x0000000025f90000)]
  0x0000000019fad000 JavaThread "Build operations Thread 4" [_thread_blocked, id=3272, stack(0x0000000025d90000,0x0000000025e90000)]
  0x0000000019fae000 JavaThread "Build operations Thread 3" [_thread_blocked, id=2524, stack(0x0000000025c90000,0x0000000025d90000)]
  0x0000000019fa6800 JavaThread "Build operations Thread 2" [_thread_blocked, id=6436, stack(0x0000000025b90000,0x0000000025c90000)]
  0x0000000019fa5800 JavaThread "Build operations" [_thread_blocked, id=8880, stack(0x0000000025a90000,0x0000000025b90000)]
  0x0000000019fac800 JavaThread "Cache worker for cache directory md-rule (C:\Users\HP\.gradle\caches\4.10.1\md-rule)" [_thread_blocked, id=9844, stack(0x0000000025990000,0x0000000025a90000)]
  0x0000000019fab800 JavaThread "Cache worker for cache directory md-supplier (C:\Users\HP\.gradle\caches\4.10.1\md-supplier)" [_thread_blocked, id=2980, stack(0x0000000025890000,0x0000000025990000)]
  0x0000000019fa9800 JavaThread "Cache worker for file hash cache (H:\AndroidStudioProjects\QuizQuiz\.gradle\4.10.1\fileHashes)" [_thread_blocked, id=9096, stack(0x0000000025790000,0x0000000025890000)]
  0x0000000019fa2000 JavaThread "Stdin handler" [_thread_blocked, id=3116, stack(0x0000000025690000,0x0000000025790000)]
  0x0000000019fa5000 JavaThread "Asynchronous log dispatcher for DefaultDaemonConnection: socket connection from /127.0.0.1:1938 to /127.0.0.1:2021" [_thread_blocked, id=7096, stack(0x0000000025590000,0x0000000025690000)]
  0x000000001992e800 JavaThread "Daemon worker Thread 2" [_thread_blocked, id=4672, stack(0x0000000025490000,0x0000000025590000)]
  0x000000001992d800 JavaThread "Cancel handler" [_thread_blocked, id=9728, stack(0x0000000025390000,0x0000000025490000)]
  0x000000001992c000 JavaThread "Handler for socket connection from /127.0.0.1:1938 to /127.0.0.1:2021" [_thread_in_native, id=9916, stack(0x0000000025290000,0x0000000025390000)]
  0x0000000019931800 JavaThread "Daemon Thread 2" [_thread_blocked, id=5900, stack(0x0000000025190000,0x0000000025290000)]
  0x0000000019fa4000 JavaThread "pool-1-thread-1" [_thread_blocked, id=3884, stack(0x00000000230c0000,0x00000000231c0000)]
  0x0000000019faa000 JavaThread "Memory manager" [_thread_blocked, id=10692, stack(0x00000000216b0000,0x00000000217b0000)]
  0x000000001992f000 JavaThread "Cache worker for Artifact transforms cache (C:\Users\HP\.gradle\caches\transforms-1)" [_thread_blocked, id=8128, stack(0x000000001f3b0000,0x000000001f4b0000)]
  0x000000001992a800 JavaThread "Cache worker for journal cache (C:\Users\HP\.gradle\caches\journal-1)" [_thread_blocked, id=8688, stack(0x000000001ecb0000,0x000000001edb0000)]
  0x0000000019930000 JavaThread "File lock request listener" [_thread_in_native, id=6284, stack(0x000000001c5a0000,0x000000001c6a0000)]
  0x000000001992d000 JavaThread "Cache worker for file hash cache (C:\Users\HP\.gradle\caches\4.10.1\fileHashes)" [_thread_blocked, id=3648, stack(0x000000001c4a0000,0x000000001c5a0000)]
  0x0000000019892800 JavaThread "Daemon periodic checks" [_thread_blocked, id=2124, stack(0x000000001a9d0000,0x000000001aad0000)]
  0x0000000019af8000 JavaThread "Incoming local TCP Connector on port 1938" [_thread_in_native, id=7372, stack(0x000000001a790000,0x000000001a890000)]
  0x000000001970f000 JavaThread "Daemon health stats" [_thread_blocked, id=280, stack(0x000000001a150000,0x000000001a250000)]
  0x0000000016b8d800 JavaThread "Service Thread" daemon [_thread_blocked, id=5068, stack(0x0000000018780000,0x0000000018880000)]
  0x0000000016b46000 JavaThread "C1 CompilerThread2" daemon [_thread_blocked, id=4844, stack(0x0000000018280000,0x0000000018380000)]
  0x0000000016b3c800 JavaThread "C2 CompilerThread1" daemon [_thread_in_native, id=2212, stack(0x0000000018180000,0x0000000018280000)]
=>0x0000000016b36800 JavaThread "C2 CompilerThread0" daemon [_thread_in_native, id=10772, stack(0x0000000018080000,0x0000000018180000)]
  0x0000000016b34800 JavaThread "Attach Listener" daemon [_thread_blocked, id=6236, stack(0x0000000017f80000,0x0000000018080000)]
  0x0000000016b33000 JavaThread "Signal Dispatcher" daemon [_thread_blocked, id=10576, stack(0x0000000017e80000,0x0000000017f80000)]
  0x00000000031ba800 JavaThread "Finalizer" daemon [_thread_blocked, id=2608, stack(0x0000000017d80000,0x0000000017e80000)]
  0x00000000031b2000 JavaThread "Reference Handler" daemon [_thread_blocked, id=6812, stack(0x0000000017c80000,0x0000000017d80000)]
  0x0000000002fbe000 JavaThread "main" [_thread_blocked, id=9860, stack(0x0000000002fc0000,0x00000000030c0000)]

Other Threads:
  0x0000000016af7800 VMThread [stack: 0x0000000017b80000,0x0000000017c80000] [id=11184]
  0x0000000016b8e800 WatcherThread [stack: 0x0000000018880000,0x0000000018980000] [id=10088]

VM state:at safepoint (normal execution)

VM Mutex/Monitor currently owned by a thread:  ([mutex/lock_event])
[0x0000000002fbc9c0] Threads_lock - owner thread: 0x0000000016af7800
[0x0000000002fbcf40] Heap_lock - owner thread: 0x0000000019fae000

heap address: 0x00000000a0000000, size: 1536 MB, Compressed Oops mode: 32-bit
Narrow klass base: 0x0000000000000000, Narrow klass shift: 3
Compressed class space size: 1073741824 Address: 0x0000000100000000

Heap:
 PSYoungGen      total 208384K, used 175705K [0x00000000e0000000, 0x00000000ee280000, 0x0000000100000000)
  eden space 185856K, 90% used [0x00000000e0000000,0x00000000ea360058,0x00000000eb580000)
  from space 22528K, 37% used [0x00000000ecc80000,0x00000000ed4b64f8,0x00000000ee280000)
  to   space 23040K, 99% used [0x00000000eb580000,0x00000000ecbfec58,0x00000000ecc00000)
 ParOldGen       total 83968K, used 54875K [0x00000000a0000000, 0x00000000a5200000, 0x00000000e0000000)
  object space 83968K, 65% used [0x00000000a0000000,0x00000000a3598f78,0x00000000a5200000)
 Metaspace       used 88071K, capacity 91036K, committed 91136K, reserved 1128448K
  class space    used 11575K, capacity 12276K, committed 12288K, reserved 1048576K

Card table byte_map: [0x0000000012580000,0x0000000012890000] byte_map_base: 0x0000000012080000

Marking Bits: (ParMarkBitMap*) 0x0000000064284ce0
 Begin Bits: [0x0000000012e90000, 0x0000000014690000)
 End Bits:   [0x0000000014690000, 0x0000000015e90000)

Polling page: 0x0000000000ff0000

CodeCache: size=245760Kb used=41161Kb max_used=41165Kb free=204598Kb
 bounds [0x00000000031c0000, 0x0000000005a30000, 0x00000000121c0000]
 total_blobs=13177 nmethods=12213 adapters=874
 compilation: enabled

Compilation events (10 events):
Event: 177.542 Thread 0x0000000016b46000 nmethod 14215 0x0000000005a1f890 code [0x0000000005a1fa00, 0x0000000005a1fbf0]
Event: 177.543 Thread 0x0000000016b46000 14216       1       com.android.tools.r8.ir.code.Argument::isArgument (2 bytes)
Event: 177.543 Thread 0x0000000016b46000 nmethod 14216 0x0000000005a1f5d0 code [0x0000000005a1f720, 0x0000000005a1f830]
Event: 177.543 Thread 0x0000000016b46000 14217       3       com.android.tools.r8.ir.code.Value::<init> (114 bytes)
Event: 177.544 Thread 0x0000000016b46000 nmethod 14217 0x0000000005a1e310 code [0x0000000005a1e500, 0x0000000005a1ef70]
Event: 177.545 Thread 0x0000000016b46000 14222       1       com.android.tools.r8.ir.regalloc.LiveIntervals::getSplitParent (5 bytes)
Event: 177.545 Thread 0x0000000016b46000 nmethod 14222 0x0000000005a1e050 code [0x0000000005a1e1a0, 0x0000000005a1e2b0]
Event: 177.545 Thread 0x0000000016b46000 14220       3       com.android.tools.r8.ir.code.Instruction::setBlock (24 bytes)
Event: 177.545 Thread 0x0000000016b46000 nmethod 14220 0x0000000005a1dd10 code [0x0000000005a1de60, 0x0000000005a1dfd0]
Event: 177.545 Thread 0x0000000016b46000 14221       3       com.android.tools.r8.ir.code.Value::isUsed (33 bytes)

GC Heap History (10 events):
Event: 45.128 GC heap after
Heap after GC invocations=21 (full 3):
 PSYoungGen      total 163840K, used 9439K [0x00000000e0000000, 0x00000000eb380000, 0x0000000100000000)
  eden space 143872K, 0% used [0x00000000e0000000,0x00000000e0000000,0x00000000e8c80000)
  from space 19968K, 47% used [0x00000000e9f80000,0x00000000ea8b7d60,0x00000000eb300000)
  to   space 19456K, 0% used [0x00000000e8c80000,0x00000000e8c80000,0x00000000e9f80000)
 ParOldGen       total 83968K, used 47783K [0x00000000a0000000, 0x00000000a5200000, 0x00000000e0000000)
  object space 83968K, 56% used [0x00000000a0000000,0x00000000a2ea9df8,0x00000000a5200000)
 Metaspace       used 65262K, capacity 67156K, committed 67456K, reserved 1107968K
  class space    used 8989K, capacity 9534K, committed 9600K, reserved 1048576K
}
Event: 46.595 GC heap before
{Heap before GC invocations=22 (full 3):
 PSYoungGen      total 163840K, used 153311K [0x00000000e0000000, 0x00000000eb380000, 0x0000000100000000)
  eden space 143872K, 100% used [0x00000000e0000000,0x00000000e8c80000,0x00000000e8c80000)
  from space 19968K, 47% used [0x00000000e9f80000,0x00000000ea8b7d60,0x00000000eb300000)
  to   space 19456K, 0% used [0x00000000e8c80000,0x00000000e8c80000,0x00000000e9f80000)
 ParOldGen       total 83968K, used 47783K [0x00000000a0000000, 0x00000000a5200000, 0x00000000e0000000)
  object space 83968K, 56% used [0x00000000a0000000,0x00000000a2ea9df8,0x00000000a5200000)
 Metaspace       used 65281K, capacity 67156K, committed 67456K, reserved 1107968K
  class space    used 8990K, capacity 9534K, committed 9600K, reserved 1048576K
Event: 46.637 GC heap after
Heap after GC invocations=22 (full 3):
 PSYoungGen      total 163328K, used 15521K [0x00000000e0000000, 0x00000000ecd80000, 0x0000000100000000)
  eden space 143872K, 0% used [0x00000000e0000000,0x00000000e0000000,0x00000000e8c80000)
  from space 19456K, 79% used [0x00000000e8c80000,0x00000000e9ba8738,0x00000000e9f80000)
  to   space 20480K, 0% used [0x00000000eb980000,0x00000000eb980000,0x00000000ecd80000)
 ParOldGen       total 83968K, used 47791K [0x00000000a0000000, 0x00000000a5200000, 0x00000000e0000000)
  object space 83968K, 56% used [0x00000000a0000000,0x00000000a2eabdf8,0x00000000a5200000)
 Metaspace       used 65281K, capacity 67156K, committed 67456K, reserved 1107968K
  class space    used 8990K, capacity 9534K, committed 9600K, reserved 1048576K
}
Event: 136.036 GC heap before
{Heap before GC invocations=23 (full 3):
 PSYoungGen      total 163328K, used 159393K [0x00000000e0000000, 0x00000000ecd80000, 0x0000000100000000)
  eden space 143872K, 100% used [0x00000000e0000000,0x00000000e8c80000,0x00000000e8c80000)
  from space 19456K, 79% used [0x00000000e8c80000,0x00000000e9ba8738,0x00000000e9f80000)
  to   space 20480K, 0% used [0x00000000eb980000,0x00000000eb980000,0x00000000ecd80000)
 ParOldGen       total 83968K, used 47791K [0x00000000a0000000, 0x00000000a5200000, 0x00000000e0000000)
  object space 83968K, 56% used [0x00000000a0000000,0x00000000a2eabdf8,0x00000000a5200000)
 Metaspace       used 70912K, capacity 73338K, committed 73472K, reserved 1112064K
  class space    used 9543K, capacity 10159K, committed 10240K, reserved 1048576K
Event: 136.098 GC heap after
Heap after GC invocations=23 (full 3):
 PSYoungGen      total 185344K, used 20470K [0x00000000e0000000, 0x00000000ed300000, 0x0000000100000000)
  eden space 164864K, 0% used [0x00000000e0000000,0x00000000e0000000,0x00000000ea100000)
  from space 20480K, 99% used [0x00000000eb980000,0x00000000ecd7d958,0x00000000ecd80000)
  to   space 25088K, 0% used [0x00000000ea100000,0x00000000ea100000,0x00000000eb980000)
 ParOldGen       total 83968K, used 51632K [0x00000000a0000000, 0x00000000a5200000, 0x00000000e0000000)
  object space 83968K, 61% used [0x00000000a0000000,0x00000000a326c190,0x00000000a5200000)
 Metaspace       used 70912K, capacity 73338K, committed 73472K, reserved 1112064K
  class space    used 9543K, capacity 10159K, committed 10240K, reserved 1048576K
}
Event: 166.181 GC heap before
{Heap before GC invocations=24 (full 3):
 PSYoungGen      total 185344K, used 185334K [0x00000000e0000000, 0x00000000ed300000, 0x0000000100000000)
  eden space 164864K, 100% used [0x00000000e0000000,0x00000000ea100000,0x00000000ea100000)
  from space 20480K, 99% used [0x00000000eb980000,0x00000000ecd7d958,0x00000000ecd80000)
  to   space 25088K, 0% used [0x00000000ea100000,0x00000000ea100000,0x00000000eb980000)
 ParOldGen       total 83968K, used 51632K [0x00000000a0000000, 0x00000000a5200000, 0x00000000e0000000)
  object space 83968K, 61% used [0x00000000a0000000,0x00000000a326c190,0x00000000a5200000)
 Metaspace       used 75867K, capacity 78250K, committed 78592K, reserved 1118208K
  class space    used 10068K, capacity 10675K, committed 10752K, reserved 1048576K
Event: 166.203 GC heap after
Heap after GC invocations=24 (full 3):
 PSYoungGen      total 189952K, used 10690K [0x00000000e0000000, 0x00000000ee380000, 0x0000000100000000)
  eden space 164864K, 0% used [0x00000000e0000000,0x00000000e0000000,0x00000000ea100000)
  from space 25088K, 42% used [0x00000000ea100000,0x00000000eab709d0,0x00000000eb980000)
  to   space 23552K, 0% used [0x00000000ecc80000,0x00000000ecc80000,0x00000000ee380000)
 ParOldGen       total 83968K, used 53100K [0x00000000a0000000, 0x00000000a5200000, 0x00000000e0000000)
  object space 83968K, 63% used [0x00000000a0000000,0x00000000a33db1f0,0x00000000a5200000)
 Metaspace       used 75867K, capacity 78250K, committed 78592K, reserved 1118208K
  class space    used 10068K, capacity 10675K, committed 10752K, reserved 1048576K
}
Event: 168.166 GC heap before
{Heap before GC invocations=25 (full 3):
 PSYoungGen      total 189952K, used 175554K [0x00000000e0000000, 0x00000000ee380000, 0x0000000100000000)
  eden space 164864K, 100% used [0x00000000e0000000,0x00000000ea100000,0x00000000ea100000)
  from space 25088K, 42% used [0x00000000ea100000,0x00000000eab709d0,0x00000000eb980000)
  to   space 23552K, 0% used [0x00000000ecc80000,0x00000000ecc80000,0x00000000ee380000)
 ParOldGen       total 83968K, used 53100K [0x00000000a0000000, 0x00000000a5200000, 0x00000000e0000000)
  object space 83968K, 63% used [0x00000000a0000000,0x00000000a33db1f0,0x00000000a5200000)
 Metaspace       used 76139K, capacity 78610K, committed 78848K, reserved 1118208K
  class space    used 10094K, capacity 10709K, committed 10752K, reserved 1048576K
Event: 168.187 GC heap after
Heap after GC invocations=25 (full 3):
 PSYoungGen      total 208384K, used 8409K [0x00000000e0000000, 0x00000000ee280000, 0x0000000100000000)
  eden space 185856K, 0% used [0x00000000e0000000,0x00000000e0000000,0x00000000eb580000)
  from space 22528K, 37% used [0x00000000ecc80000,0x00000000ed4b64f8,0x00000000ee280000)
  to   space 23040K, 0% used [0x00000000eb580000,0x00000000eb580000,0x00000000ecc00000)
 ParOldGen       total 83968K, used 53108K [0x00000000a0000000, 0x00000000a5200000, 0x00000000e0000000)
  object space 83968K, 63% used [0x00000000a0000000,0x00000000a33dd1f0,0x00000000a5200000)
 Metaspace       used 76139K, capacity 78610K, committed 78848K, reserved 1118208K
  class space    used 10094K, capacity 10709K, committed 10752K, reserved 1048576K
}
Event: 177.546 GC heap before
{Heap before GC invocations=26 (full 3):
 PSYoungGen      total 208384K, used 175705K [0x00000000e0000000, 0x00000000ee280000, 0x0000000100000000)
  eden space 185856K, 90% used [0x00000000e0000000,0x00000000ea360058,0x00000000eb580000)
  from space 22528K, 37% used [0x00000000ecc80000,0x00000000ed4b64f8,0x00000000ee280000)
  to   space 23040K, 0% used [0x00000000eb580000,0x00000000eb580000,0x00000000ecc00000)
 ParOldGen       total 83968K, used 53108K [0x00000000a0000000, 0x00000000a5200000, 0x00000000e0000000)
  object space 83968K, 63% used [0x00000000a0000000,0x00000000a33dd1f0,0x00000000a5200000)
 Metaspace       used 88071K, capacity 91036K, committed 91136K, reserved 1128448K
  class space    used 11575K, capacity 12276K, committed 12288K, reserved 1048576K

Deoptimization events (10 events):
Event: 176.540 Thread 0x0000000019fa6800 Uncommon trap: reason=unstable_if action=reinterpret pc=0x00000000042499a4 method=jdk.internal.org.objectweb.asm.Item.isEqualTo(Ljdk/internal/org/objectweb/asm/Item;)Z @ 331
Event: 176.596 Thread 0x0000000019fa5800 Uncommon trap: reason=unstable_if action=reinterpret pc=0x00000000032f2eec method=java.util.WeakHashMap.remove(Ljava/lang/Object;)Ljava/lang/Object; @ 94
Event: 177.253 Thread 0x0000000019fa5800 Uncommon trap: reason=unstable_if action=reinterpret pc=0x00000000058f95f0 method=com.android.tools.r8.graph.CachedHashValueDexItem.equals(Ljava/lang/Object;)Z @ 10
Event: 177.253 Thread 0x0000000019fa5800 Uncommon trap: reason=unstable_if action=reinterpret pc=0x00000000058f95f0 method=com.android.tools.r8.graph.CachedHashValueDexItem.equals(Ljava/lang/Object;)Z @ 10
Event: 177.298 Thread 0x0000000019fb0000 Uncommon trap: reason=class_check action=maybe_recompile pc=0x000000000460d468 method=java.util.Spliterators$IteratorSpliterator.tryAdvance(Ljava/util/function/Consumer;)Z @ 50
Event: 177.298 Thread 0x0000000019fa5800 Uncommon trap: reason=class_check action=maybe_recompile pc=0x000000000460d468 method=java.util.Spliterators$IteratorSpliterator.tryAdvance(Ljava/util/function/Consumer;)Z @ 50
Event: 177.298 Thread 0x0000000019fa6800 Uncommon trap: reason=class_check action=maybe_recompile pc=0x000000000460d468 method=java.util.Spliterators$IteratorSpliterator.tryAdvance(Ljava/util/function/Consumer;)Z @ 50
Event: 177.299 Thread 0x0000000019fa6800 Uncommon trap: reason=class_check action=maybe_recompile pc=0x000000000460d468 method=java.util.Spliterators$IteratorSpliterator.tryAdvance(Ljava/util/function/Consumer;)Z @ 50
Event: 177.299 Thread 0x0000000019fa5800 Uncommon trap: reason=class_check action=maybe_recompile pc=0x000000000460d468 method=java.util.Spliterators$IteratorSpliterator.tryAdvance(Ljava/util/function/Consumer;)Z @ 50
Event: 177.299 Thread 0x0000000019fb0000 Uncommon trap: reason=class_check action=maybe_recompile pc=0x000000000460d468 method=java.util.Spliterators$IteratorSpliterator.tryAdvance(Ljava/util/function/Consumer;)Z @ 50

Classes redefined (0 events):
No events

Internal exceptions (10 events):
Event: 175.366 Thread 0x0000000019fa8000 Exception <a 'sun/nio/fs/WindowsException'> (0x00000000e63dce60) thrown at [C:\re\workspace\8-2-build-windows-amd64-cygwin\jdk8u201\12322\hotspot\src\share\vm\prims\jni.cpp, line 709]
Event: 175.845 Thread 0x0000000019fa5800 Exception <a 'java/lang/NoSuchMethodError': java.lang.Object.lambda$static$0(Ljava/lang/String;)Z> (0x00000000e5ba1df0) thrown at [C:\re\workspace\8-2-build-windows-amd64-cygwin\jdk8u201\12322\hotspot\src\share\vm\interpreter\linkResolver.cpp, line 620]
Event: 175.846 Thread 0x0000000019fa5800 Exception <a 'java/lang/NoSuchMethodError': java.lang.Object.lambda$and$0(Ljava/util/function/Predicate;Ljava/lang/Object;)Z> (0x00000000e5ba7a18) thrown at [C:\re\workspace\8-2-build-windows-amd64-cygwin\jdk8u201\12322\hotspot\src\share\vm\interpreter\li
Event: 175.846 Thread 0x0000000019fa6800 Exception <a 'java/lang/NoSuchMethodError': java.lang.Object.lambda$and$0(Ljava/util/function/Predicate;Ljava/lang/Object;)Z> (0x00000000e6574220) thrown at [C:\re\workspace\8-2-build-windows-amd64-cygwin\jdk8u201\12322\hotspot\src\share\vm\interpreter\li
Event: 175.847 Thread 0x0000000019fb0000 Exception <a 'java/lang/NoSuchMethodError': java.lang.Object.lambda$and$0(Ljava/util/function/Predicate;Ljava/lang/Object;)Z> (0x00000000e666b788) thrown at [C:\re\workspace\8-2-build-windows-amd64-cygwin\jdk8u201\12322\hotspot\src\share\vm\interpreter\li
Event: 175.847 Thread 0x0000000019fae000 Exception <a 'java/lang/NoSuchMethodError': java.lang.Object.lambda$and$0(Ljava/util/function/Predicate;Ljava/lang/Object;)Z> (0x00000000e668b1f8) thrown at [C:\re\workspace\8-2-build-windows-amd64-cygwin\jdk8u201\12322\hotspot\src\share\vm\interpreter\li
Event: 175.914 Thread 0x0000000019fa5800 Exception <a 'sun/nio/fs/WindowsException'> (0x00000000e6965978) thrown at [C:\re\workspace\8-2-build-windows-amd64-cygwin\jdk8u201\12322\hotspot\src\share\vm\prims\jni.cpp, line 709]
Event: 175.914 Thread 0x0000000019fb0000 Exception <a 'sun/nio/fs/WindowsException'> (0x00000000e6a1eee0) thrown at [C:\re\workspace\8-2-build-windows-amd64-cygwin\jdk8u201\12322\hotspot\src\share\vm\prims\jni.cpp, line 709]
Event: 175.914 Thread 0x0000000019fa6800 Exception <a 'sun/nio/fs/WindowsException'> (0x00000000e69102a8) thrown at [C:\re\workspace\8-2-build-windows-amd64-cygwin\jdk8u201\12322\hotspot\src\share\vm\prims\jni.cpp, line 709]
Event: 176.269 Thread 0x0000000019fae000 Exception <a 'sun/nio/fs/WindowsException'> (0x00000000e74bc030) thrown at [C:\re\workspace\8-2-build-windows-amd64-cygwin\jdk8u201\12322\hotspot\src\share\vm\prims\jni.cpp, line 709]

Events (10 events):
Event: 177.540 loading class com/android/tools/r8/code/XorLong2Addr done
Event: 177.542 loading class com/android/tools/r8/code/AddInt
Event: 177.543 loading class com/android/tools/r8/code/AddInt done
Event: 177.543 loading class com/android/tools/r8/code/IfEqz
Event: 177.543 loading class com/android/tools/r8/code/IfEqz done
Event: 177.543 loading class com/android/tools/r8/code/AddLong
Event: 177.543 loading class com/android/tools/r8/code/AddLong done
Event: 177.544 loading class com/android/tools/r8/code/Format21t
Event: 177.544 loading class com/android/tools/r8/code/Format21t done
Event: 177.545 Executing VM operation: CollectForMetadataAllocation


Dynamic libraries:
0x00007ff78a410000 - 0x00007ff78a447000 	C:\Program Files\Java\jdk1.8.0_201\bin\java.exe
0x00007fff82740000 - 0x00007fff82921000 	C:\WINDOWS\SYSTEM32\ntdll.dll
0x00007fff79470000 - 0x00007fff79482000 	C:\Program Files\AVAST Software\Avast\aswhook.dll
0x00007fff81020000 - 0x00007fff810d2000 	C:\WINDOWS\System32\KERNEL32.DLL
0x00007fff7eb70000 - 0x00007fff7ede3000 	C:\WINDOWS\System32\KERNELBASE.dll
0x00007fff81270000 - 0x00007fff81311000 	C:\WINDOWS\System32\ADVAPI32.dll
0x00007fff822c0000 - 0x00007fff8235e000 	C:\WINDOWS\System32\msvcrt.dll
0x00007fff81550000 - 0x00007fff815ab000 	C:\WINDOWS\System32\sechost.dll
0x00007fff82360000 - 0x00007fff82484000 	C:\WINDOWS\System32\RPCRT4.dll
0x00007fff810e0000 - 0x00007fff81270000 	C:\WINDOWS\System32\USER32.dll
0x00007fff7fbb0000 - 0x00007fff7fbd0000 	C:\WINDOWS\System32\win32u.dll
0x00007fff81650000 - 0x00007fff81678000 	C:\WINDOWS\System32\GDI32.dll
0x00007fff7f860000 - 0x00007fff7f9f2000 	C:\WINDOWS\System32\gdi32full.dll
0x00007fff7efe0000 - 0x00007fff7f07f000 	C:\WINDOWS\System32\msvcp_win.dll
0x00007fff7fa00000 - 0x00007fff7fafa000 	C:\WINDOWS\System32\ucrtbase.dll
0x00007fff6f580000 - 0x00007fff6f7e9000 	C:\WINDOWS\WinSxS\amd64_microsoft.windows.common-controls_6595b64144ccf1df_6.0.17134.523_none_fb409dd930672a56\COMCTL32.dll
0x00007fff81ac0000 - 0x00007fff81de2000 	C:\WINDOWS\System32\combase.dll
0x00007fff7f0d0000 - 0x00007fff7f14a000 	C:\WINDOWS\System32\bcryptPrimitives.dll
0x00007fff81990000 - 0x00007fff819bd000 	C:\WINDOWS\System32\IMM32.DLL
0x0000000064310000 - 0x00000000643e1000 	C:\Program Files\Java\jdk1.8.0_201\jre\bin\msvcr100.dll
0x0000000063a60000 - 0x0000000064304000 	C:\Program Files\Java\jdk1.8.0_201\jre\bin\server\jvm.dll
0x00007fff81ab0000 - 0x00007fff81ab8000 	C:\WINDOWS\System32\PSAPI.DLL
0x00007fff6f2d0000 - 0x00007fff6f2d9000 	C:\WINDOWS\SYSTEM32\WSOCK32.dll
0x00007fff818c0000 - 0x00007fff8192c000 	C:\WINDOWS\System32\WS2_32.dll
0x00007fff77d60000 - 0x00007fff77d83000 	C:\WINDOWS\SYSTEM32\WINMM.dll
0x00007fff73ad0000 - 0x00007fff73ada000 	C:\WINDOWS\SYSTEM32\VERSION.dll
0x00007fff77d30000 - 0x00007fff77d5a000 	C:\WINDOWS\SYSTEM32\WINMMBASE.dll
0x00007fff7f080000 - 0x00007fff7f0c9000 	C:\WINDOWS\System32\cfgmgr32.dll
0x00007fff7b370000 - 0x00007fff7b37f000 	C:\Program Files\Java\jdk1.8.0_201\jre\bin\verify.dll
0x00007fff7a000000 - 0x00007fff7a029000 	C:\Program Files\Java\jdk1.8.0_201\jre\bin\java.dll
0x00007fff77340000 - 0x00007fff77356000 	C:\Program Files\Java\jdk1.8.0_201\jre\bin\zip.dll
0x00007fff7fbd0000 - 0x00007fff81010000 	C:\WINDOWS\System32\SHELL32.dll
0x00007fff81690000 - 0x00007fff81739000 	C:\WINDOWS\System32\shcore.dll
0x00007fff7f150000 - 0x00007fff7f85d000 	C:\WINDOWS\System32\windows.storage.dll
0x00007fff826b0000 - 0x00007fff82701000 	C:\WINDOWS\System32\shlwapi.dll
0x00007fff7eaf0000 - 0x00007fff7eb01000 	C:\WINDOWS\System32\kernel.appcore.dll
0x00007fff7ead0000 - 0x00007fff7eaef000 	C:\WINDOWS\System32\profapi.dll
0x00007fff7ea80000 - 0x00007fff7eacc000 	C:\WINDOWS\System32\powrprof.dll
0x00007fff7ea70000 - 0x00007fff7ea7a000 	C:\WINDOWS\System32\FLTLIB.DLL
0x00007fff768e0000 - 0x00007fff768fa000 	C:\Program Files\Java\jdk1.8.0_201\jre\bin\net.dll
0x00007fff70a30000 - 0x00007fff70bf9000 	C:\WINDOWS\SYSTEM32\urlmon.dll
0x00007fff70db0000 - 0x00007fff71055000 	C:\WINDOWS\SYSTEM32\iertutil.dll
0x00007fff7e440000 - 0x00007fff7e44b000 	C:\WINDOWS\SYSTEM32\CRYPTBASE.DLL
0x00007fff7e270000 - 0x00007fff7e2d6000 	C:\WINDOWS\system32\mswsock.dll
0x00007fff76740000 - 0x00007fff76751000 	C:\Program Files\Java\jdk1.8.0_201\jre\bin\nio.dll
0x00007fff7b340000 - 0x00007fff7b35e000 	C:\Users\HP\.gradle\native\25\windows-amd64\native-platform.dll
0x00007fff7b360000 - 0x00007fff7b36d000 	C:\Program Files\Java\jdk1.8.0_201\jre\bin\management.dll
0x00007fff7e420000 - 0x00007fff7e437000 	C:\WINDOWS\SYSTEM32\CRYPTSP.dll
0x00007fff7de50000 - 0x00007fff7de83000 	C:\WINDOWS\system32\rsaenh.dll
0x00007fff7e5b0000 - 0x00007fff7e5d5000 	C:\WINDOWS\SYSTEM32\bcrypt.dll
0x00007fff7e980000 - 0x00007fff7e9a8000 	C:\WINDOWS\SYSTEM32\USERENV.dll
0x00007fff7dff0000 - 0x00007fff7e028000 	C:\WINDOWS\SYSTEM32\IPHLPAPI.DLL
0x00007fff81680000 - 0x00007fff81688000 	C:\WINDOWS\System32\NSI.dll
0x00007fff75c90000 - 0x00007fff75ca6000 	C:\WINDOWS\SYSTEM32\dhcpcsvc6.DLL
0x00007fff773a0000 - 0x00007fff773ba000 	C:\WINDOWS\SYSTEM32\dhcpcsvc.DLL
0x00007fff688f0000 - 0x00007fff68a89000 	C:\Program Files\Java\jdk1.8.0_201\jre\bin\awt.dll
0x00007fff81320000 - 0x00007fff813e2000 	C:\WINDOWS\System32\OLEAUT32.dll
0x00007fff7c7c0000 - 0x00007fff7c84b000 	C:\WINDOWS\SYSTEM32\apphelp.dll
0x00007fff7cc70000 - 0x00007fff7cc99000 	C:\WINDOWS\system32\DWMAPI.DLL
0x00007fff7c970000 - 0x00007fff7ca08000 	C:\WINDOWS\system32\uxtheme.dll
0x00007fff799f0000 - 0x00007fff79a1a000 	C:\Program Files\Java\jdk1.8.0_201\jre\bin\dcpr.dll

VM Arguments:
jvm_args: -Xmx1536m -Dfile.encoding=windows-1252 -Duser.country=US -Duser.language=en -Duser.variant 
java_command: org.gradle.launcher.daemon.bootstrap.GradleDaemon 4.10.1
java_class_path (initial): C:\Users\HP\.gradle\wrapper\dists\gradle-4.10.1-all\455itskqi2qtf0v2sja68alqd\gradle-4.10.1\lib\gradle-launcher-4.10.1.jar
Launcher Type: SUN_STANDARD

Environment Variables:
JAVA_HOME=C:\Program Files\Java\jdk1.8.0_201
PATH=C:\Program Files (x86)\Common Files\Oracle\Java\javapath;C:\Program Files (x86)\Common Files\ArcSoft\Bin;C:\Program Files (x86)\Intel\iCLS Client\;C:\Program Files\Intel\iCLS Client\;C:\WINDOWS\system32;C:\WINDOWS;C:\WINDOWS\System32\Wbem;C:\WINDOWS\System32\WindowsPowerShell\v1.0\;C:\Program Files (x86)\Intel\Intel(R) Management Engine Components\DAL;C:\Program Files\Intel\Intel(R) Management Engine Components\DAL;C:\Program Files (x86)\Intel\Intel(R) Management Engine Components\IPT;C:\Program Files\Intel\Intel(R) Management Engine Components\IPT;c:\Program Files\Intel\WiFi\bin\;c:\Program Files\Common Files\Intel\WirelessCommon\;C:\Program Files (x86)\GtkSharp\2.12\bin;C:\WINDOWS\System32\OpenSSH\;C:\Users\HP\AppData\Local\Android\Sdk;C:\Program Files\Java\jdk1.8.0_201bin;C:\Program Files\Java\jdk1.8.0_201\bin;C:\Program Files\Java\jre1.8.0_201\bin;C:\Program Files (x86)\Git\cmd;C:\Program Files\Java\jdk1.8.0_201\bin;C:\Users\HP\AppData\Local\Microsoft\WindowsApps;
USERNAME=HP
OS=Windows_NT
PROCESSOR_IDENTIFIER=Intel64 Family 6 Model 61 Stepping 4, GenuineIntel



---------------  S Y S T E M  ---------------

OS: Windows 10.0 , 64 bit Build 17134 (10.0.17134.1)

CPU:total 4 (initial active 4) (2 cores per cpu, 2 threads per core) family 6 model 61 stepping 4, cmov, cx8, fxsr, mmx, sse, sse2, sse3, ssse3, sse4.1, sse4.2, popcnt, avx, avx2, aes, clmul, erms, 3dnowpref, lzcnt, ht, tsc, tscinvbit, bmi1, bmi2, adx

Memory: 4k page, physical 4082796k(264504k free), swap 4082796k(5200k free)

vm_info: Java HotSpot(TM) 64-Bit Server VM (25.201-b09) for windows-amd64 JRE (1.8.0_201-b09), built on Dec 15 2018 18:36:39 by "java_re" with MS VC++ 10.0 (VS2010)

time: Thu Feb 07 17:25:50 2019
timezone: Bangladesh Standard Time
elapsed time: 177 seconds (0d 0h 2m 57s)

