#
# There is insufficient memory for the Java Runtime Environment to continue.
# Native memory allocation (malloc) failed to allocate 32744 bytes for ChunkPool::allocate
# Possible reasons:
#   The system is out of physical RAM or swap space
#   In 32 bit mode, the process size limit was hit
# Possible solutions:
#   Reduce memory load on the system
#   Increase physical memory or swap space
#   Check if swap backing store is full
#   Use 64 bit Java on a 64 bit OS
#   Decrease Java heap size (-Xmx/-Xms)
#   Decrease number of Java threads
#   Decrease Java thread stack sizes (-Xss)
#   Set larger code cache with -XX:ReservedCodeCacheSize=
# This output file may be truncated or incomplete.
#
#  Out of Memory Error (allocation.cpp:273), pid=5764, tid=0x0000000000000b64
#
# JRE version: OpenJDK Runtime Environment (8.0_152-b02) (build 1.8.0_152-release-1024-b02)
# Java VM: OpenJDK 64-Bit Server VM (25.152-b02 mixed mode windows-amd64 compressed oops)
# Failed to write core dump. Minidumps are not enabled by default on client versions of Windows
#

---------------  T H R E A D  ---------------

Current thread (0x0000000015c23000):  JavaThread "C2 CompilerThread1" daemon [_thread_in_native, id=2916, stack(0x0000000017380000,0x0000000017480000)]

Stack: [0x0000000017380000,0x0000000017480000]
[error occurred during error reporting (printing stack bounds), id 0xc0000005]

Native frames: (J=compiled Java code, j=interpreted, Vv=VM code, C=native code)


Current CompileTask:
C2:2760468 12755       4       com.android.tools.r8.code.BaseInstructionFactory::create (3362 bytes)


---------------  P R O C E S S  ---------------

Java Threads: ( => current thread )
  0x000000001d1b2000 JavaThread "ForkJoinPool-2-worker-0" daemon [_thread_blocked, id=12752, stack(0x0000000026140000,0x0000000026240000)]
  0x000000001d1b3800 JavaThread "ForkJoinPool-2-worker-1" daemon [_thread_blocked, id=11296, stack(0x0000000026040000,0x0000000026140000)]
  0x000000001d1b3000 JavaThread "ForkJoinPool.commonPool-worker-2" daemon [_thread_blocked, id=10036, stack(0x0000000025b40000,0x0000000025c40000)]
  0x000000001d1b1800 JavaThread "ForkJoinPool.commonPool-worker-1" daemon [_thread_in_Java, id=2196, stack(0x0000000025a40000,0x0000000025b40000)]
  0x000000001d1b8000 JavaThread "ForkJoinPool.commonPool-worker-0" daemon [_thread_blocked, id=6712, stack(0x0000000025940000,0x0000000025a40000)]
  0x000000001d1b5000 JavaThread "Cache worker for Java compile cache (H:\AndroidStudioProjects\QuizQuiz\.gradle\4.4\javaCompile)" [_thread_blocked, id=1344, stack(0x0000000025840000,0x0000000025940000)]
  0x000000001ac2e800 JavaThread "Task worker for ':' Thread 3" [_thread_blocked, id=13124, stack(0x0000000025740000,0x0000000025840000)]
  0x000000001ac30000 JavaThread "Task worker for ':' Thread 2" [_thread_blocked, id=1384, stack(0x0000000025640000,0x0000000025740000)]
  0x000000001ac2c000 JavaThread "Task worker for ':'" [_thread_blocked, id=11960, stack(0x0000000025540000,0x0000000025640000)]
  0x000000001ac2f000 JavaThread "Cache worker for Build Output Cleanup Cache (H:\AndroidStudioProjects\QuizQuiz\.gradle\buildOutputCleanup)" [_thread_blocked, id=12996, stack(0x0000000025440000,0x0000000025540000)]
  0x000000001ac2d800 JavaThread "Cache worker for task history cache (H:\AndroidStudioProjects\QuizQuiz\.gradle\4.4\taskHistory)" [_thread_blocked, id=6172, stack(0x0000000025340000,0x0000000025440000)]
  0x000000001ac2b800 JavaThread "Cache worker for file content cache (H:\AndroidStudioProjects\QuizQuiz\.gradle\4.4\fileContent)" [_thread_blocked, id=8352, stack(0x0000000025240000,0x0000000025340000)]
  0x0000000018cb6800 JavaThread "build operations Thread 4" [_thread_blocked, id=9928, stack(0x0000000025140000,0x0000000025240000)]
  0x0000000018cb6000 JavaThread "build operations Thread 3" [_thread_blocked, id=9644, stack(0x0000000025040000,0x0000000025140000)]
  0x0000000018cb9000 JavaThread "build operations Thread 2" [_thread_blocked, id=7368, stack(0x0000000024f40000,0x0000000025040000)]
  0x0000000018cb5000 JavaThread "build operations" [_thread_blocked, id=4920, stack(0x0000000024e40000,0x0000000024f40000)]
  0x0000000018cb3800 JavaThread "Cache worker for Artifact transforms cache (C:\Users\HP\.gradle\caches\transforms-1)" [_thread_blocked, id=10528, stack(0x0000000024d40000,0x0000000024e40000)]
  0x0000000018cab800 JavaThread "Cache worker for file hash cache (H:\AndroidStudioProjects\QuizQuiz\.gradle\4.4\fileHashes)" [_thread_blocked, id=10232, stack(0x0000000024c40000,0x0000000024d40000)]
  0x0000000018cb2000 JavaThread "Stdin handler" [_thread_blocked, id=10724, stack(0x0000000024b40000,0x0000000024c40000)]
  0x0000000018cb0800 JavaThread "Asynchronous log dispatcher for DefaultDaemonConnection: socket connection from /127.0.0.1:7462 to /127.0.0.1:7609" [_thread_blocked, id=12800, stack(0x0000000024a40000,0x0000000024b40000)]
  0x0000000018cb1800 JavaThread "Daemon worker Thread 2" [_thread_blocked, id=8760, stack(0x0000000024940000,0x0000000024a40000)]
  0x0000000018caf000 JavaThread "Cancel handler" [_thread_blocked, id=8400, stack(0x0000000024840000,0x0000000024940000)]
  0x0000000018cad000 JavaThread "Handler for socket connection from /127.0.0.1:7462 to /127.0.0.1:7609" [_thread_in_native, id=12608, stack(0x0000000024740000,0x0000000024840000)]
  0x0000000018cae800 JavaThread "Daemon Thread 2" [_thread_blocked, id=9388, stack(0x0000000024640000,0x0000000024740000)]
  0x0000000018cb0000 JavaThread "Memory manager" [_thread_blocked, id=7756, stack(0x0000000020200000,0x0000000020300000)]
  0x000000001ac30800 JavaThread "pool-1-thread-1" [_thread_blocked, id=5572, stack(0x000000001ff00000,0x0000000020000000)]
  0x0000000018ac5000 JavaThread "File lock request listener" [_thread_in_native, id=8560, stack(0x000000001a6d0000,0x000000001a7d0000)]
  0x0000000018e0e000 JavaThread "Cache worker for file hash cache (C:\Users\HP\.gradle\caches\4.4\fileHashes)" [_thread_blocked, id=10640, stack(0x000000001a5d0000,0x000000001a6d0000)]
  0x000000001896c000 JavaThread "Daemon periodic checks" [_thread_blocked, id=3720, stack(0x0000000019ad0000,0x0000000019bd0000)]
  0x0000000018969000 JavaThread "Incoming local TCP Connector on port 7462" [_thread_in_native, id=12872, stack(0x0000000019890000,0x0000000019990000)]
  0x00000000175a8800 JavaThread "Service Thread" daemon [_thread_blocked, id=6108, stack(0x0000000017980000,0x0000000017a80000)]
  0x0000000015c27000 JavaThread "C1 CompilerThread2" daemon [_thread_blocked, id=12384, stack(0x0000000017480000,0x0000000017580000)]
=>0x0000000015c23000 JavaThread "C2 CompilerThread1" daemon [_thread_in_native, id=2916, stack(0x0000000017380000,0x0000000017480000)]
  0x0000000015c1d000 JavaThread "C2 CompilerThread0" daemon [_thread_in_native, id=7428, stack(0x0000000017280000,0x0000000017380000)]
  0x0000000015c1b800 JavaThread "Attach Listener" daemon [_thread_blocked, id=1324, stack(0x0000000017180000,0x0000000017280000)]
  0x0000000015c1a800 JavaThread "Signal Dispatcher" daemon [_thread_blocked, id=11476, stack(0x0000000017080000,0x0000000017180000)]
  0x00000000022ac800 JavaThread "Finalizer" daemon [_thread_blocked, id=8148, stack(0x0000000016e90000,0x0000000016f90000)]
  0x00000000022a1800 JavaThread "Reference Handler" daemon [_thread_blocked, id=6944, stack(0x0000000016d90000,0x0000000016e90000)]
  0x00000000001ae000 JavaThread "main" [_thread_blocked, id=2224, stack(0x0000000002050000,0x0000000002150000)]

Other Threads:
  0x0000000015be7000 VMThread [stack: 0x0000000016c90000,0x0000000016d90000] [id=2316]
  0x00000000175b1000 WatcherThread [stack: 0x0000000017a80000,0x0000000017b80000] [id=12504]

VM state:not at safepoint (normal execution)

VM Mutex/Monitor currently owned by a thread: None

Heap:
 PSYoungGen      total 211968K, used 144292K [0x00000000e0000000, 0x00000000eeb00000, 0x0000000100000000)
  eden space 183296K, 72% used [0x00000000e0000000,0x00000000e814aa50,0x00000000eb300000)
  from space 28672K, 41% used [0x00000000eb300000,0x00000000ebe9e720,0x00000000ecf00000)
  to   space 20992K, 0% used [0x00000000ed100000,0x00000000ed100000,0x00000000ee580000)
 ParOldGen       total 98304K, used 71479K [0x00000000a0000000, 0x00000000a6000000, 0x00000000e0000000)
  object space 98304K, 72% used [0x00000000a0000000,0x00000000a45cdc60,0x00000000a6000000)
 Metaspace       used 73291K, capacity 76172K, committed 76248K, reserved 1116160K
  class space    used 9613K, capacity 10189K, committed 10240K, reserved 1048576K

Card table byte_map: [0x0000000011670000,0x0000000011980000] byte_map_base: 0x0000000011170000

Marking Bits: (ParMarkBitMap*) 0x000000005d1a4970
 Begin Bits: [0x0000000011f80000, 0x0000000013780000)
 End Bits:   [0x0000000013780000, 0x0000000014f80000)

Polling page: 0x00000000001f0000

CodeCache: size=245760Kb used=35585Kb max_used=35585Kb free=210174Kb
 bounds [0x00000000022b0000, 0x00000000045a0000, 0x00000000112b0000]
 total_blobs=11683 nmethods=10850 adapters=745
 compilation: enabled

Compilation events (10 events):
Event: 2760.311 Thread 0x0000000015c27000 12795       2       com.android.tools.r8.graph.DexValue$DexValueNull::sort (5 bytes)
Event: 2760.311 Thread 0x0000000015c27000 nmethod 12795 0x0000000004598310 code [0x0000000004598460, 0x00000000045985b0]
Event: 2760.329 Thread 0x0000000015c27000 12802       2       com.android.tools.r8.code.FloatToInt::collectIndexedItems (6 bytes)
Event: 2760.330 Thread 0x0000000015c27000 nmethod 12802 0x0000000004598650 code [0x00000000045987a0, 0x00000000045988f0]
Event: 2760.331 Thread 0x0000000015c27000 12803       2       com.android.tools.r8.code.MoveResultWide::collectIndexedItems (6 bytes)
Event: 2760.331 Thread 0x0000000015c27000 nmethod 12803 0x0000000004598990 code [0x0000000004598ae0, 0x0000000004598c30]
Event: 2760.340 Thread 0x0000000015c27000 12804       2       com.android.tools.r8.code.AddFloat2Addr::collectIndexedItems (6 bytes)
Event: 2760.341 Thread 0x0000000015c27000 nmethod 12804 0x0000000004598cd0 code [0x0000000004598e20, 0x0000000004598f70]
Event: 2760.371 Thread 0x0000000015c27000 12805       2       com.android.tools.r8.code.ConstClass::collectIndexedItems (6 bytes)
Event: 2760.371 Thread 0x0000000015c27000 nmethod 12805 0x0000000004599010 code [0x0000000004599180, 0x0000000004599308]

GC Heap History (10 events):
Event: 24.788 GC heap before
{Heap before GC invocations=16 (full 2):
 PSYoungGen      total 123904K, used 123903K [0x00000000e0000000, 0x00000000eab00000, 0x0000000100000000)
  eden space 113152K, 100% used [0x00000000e0000000,0x00000000e6e80000,0x00000000e6e80000)
  from space 10752K, 99% used [0x00000000e6e80000,0x00000000e78fff80,0x00000000e7900000)
  to   space 14848K, 0% used [0x00000000e9c80000,0x00000000e9c80000,0x00000000eab00000)
 ParOldGen       total 53760K, used 23525K [0x00000000a0000000, 0x00000000a3480000, 0x00000000e0000000)
  object space 53760K, 43% used [0x00000000a0000000,0x00000000a16f9450,0x00000000a3480000)
 Metaspace       used 56959K, capacity 58566K, committed 58840K, reserved 1099776K
  class space    used 7780K, capacity 8160K, committed 8192K, reserved 1048576K
Event: 24.838 GC heap after
Heap after GC invocations=16 (full 2):
 PSYoungGen      total 158208K, used 14156K [0x00000000e0000000, 0x00000000ead00000, 0x0000000100000000)
  eden space 143360K, 0% used [0x00000000e0000000,0x00000000e0000000,0x00000000e8c00000)
  from space 14848K, 95% used [0x00000000e9c80000,0x00000000eaa533a0,0x00000000eab00000)
  to   space 16896K, 0% used [0x00000000e8c00000,0x00000000e8c00000,0x00000000e9c80000)
 ParOldGen       total 53760K, used 29796K [0x00000000a0000000, 0x00000000a3480000, 0x00000000e0000000)
  object space 53760K, 55% used [0x00000000a0000000,0x00000000a1d19228,0x00000000a3480000)
 Metaspace       used 56959K, capacity 58566K, committed 58840K, reserved 1099776K
  class space    used 7780K, capacity 8160K, committed 8192K, reserved 1048576K
}
Event: 25.526 GC heap before
{Heap before GC invocations=17 (full 2):
 PSYoungGen      total 158208K, used 42090K [0x00000000e0000000, 0x00000000ead00000, 0x0000000100000000)
  eden space 143360K, 19% used [0x00000000e0000000,0x00000000e1b47528,0x00000000e8c00000)
  from space 14848K, 95% used [0x00000000e9c80000,0x00000000eaa533a0,0x00000000eab00000)
  to   space 16896K, 0% used [0x00000000e8c00000,0x00000000e8c00000,0x00000000e9c80000)
 ParOldGen       total 53760K, used 29796K [0x00000000a0000000, 0x00000000a3480000, 0x00000000e0000000)
  object space 53760K, 55% used [0x00000000a0000000,0x00000000a1d19228,0x00000000a3480000)
 Metaspace       used 57347K, capacity 58918K, committed 59028K, reserved 1099776K
  class space    used 7798K, capacity 8192K, committed 8192K, reserved 1048576K
Event: 25.559 GC heap after
Heap after GC invocations=17 (full 2):
 PSYoungGen      total 160256K, used 16884K [0x00000000e0000000, 0x00000000ee580000, 0x0000000100000000)
  eden space 143360K, 0% used [0x00000000e0000000,0x00000000e0000000,0x00000000e8c00000)
  from space 16896K, 99% used [0x00000000e8c00000,0x00000000e9c7d358,0x00000000e9c80000)
  to   space 20992K, 0% used [0x00000000ed100000,0x00000000ed100000,0x00000000ee580000)
 ParOldGen       total 53760K, used 33976K [0x00000000a0000000, 0x00000000a3480000, 0x00000000e0000000)
  object space 53760K, 63% used [0x00000000a0000000,0x00000000a212e370,0x00000000a3480000)
 Metaspace       used 57347K, capacity 58918K, committed 59028K, reserved 1099776K
  class space    used 7798K, capacity 8192K, committed 8192K, reserved 1048576K
}
Event: 25.560 GC heap before
{Heap before GC invocations=18 (full 3):
 PSYoungGen      total 160256K, used 16884K [0x00000000e0000000, 0x00000000ee580000, 0x0000000100000000)
  eden space 143360K, 0% used [0x00000000e0000000,0x00000000e0000000,0x00000000e8c00000)
  from space 16896K, 99% used [0x00000000e8c00000,0x00000000e9c7d358,0x00000000e9c80000)
  to   space 20992K, 0% used [0x00000000ed100000,0x00000000ed100000,0x00000000ee580000)
 ParOldGen       total 53760K, used 33976K [0x00000000a0000000, 0x00000000a3480000, 0x00000000e0000000)
  object space 53760K, 63% used [0x00000000a0000000,0x00000000a212e370,0x00000000a3480000)
 Metaspace       used 57347K, capacity 58918K, committed 59028K, reserved 1099776K
  class space    used 7798K, capacity 8192K, committed 8192K, reserved 1048576K
Event: 25.999 GC heap after
Heap after GC invocations=18 (full 3):
 PSYoungGen      total 160256K, used 0K [0x00000000e0000000, 0x00000000ee580000, 0x0000000100000000)
  eden space 143360K, 0% used [0x00000000e0000000,0x00000000e0000000,0x00000000e8c00000)
  from space 16896K, 0% used [0x00000000e8c00000,0x00000000e8c00000,0x00000000e9c80000)
  to   space 20992K, 0% used [0x00000000ed100000,0x00000000ed100000,0x00000000ee580000)
 ParOldGen       total 98304K, used 46038K [0x00000000a0000000, 0x00000000a6000000, 0x00000000e0000000)
  object space 98304K, 46% used [0x00000000a0000000,0x00000000a2cf5aa8,0x00000000a6000000)
 Metaspace       used 57347K, capacity 58918K, committed 59028K, reserved 1099776K
  class space    used 7798K, capacity 8192K, committed 8192K, reserved 1048576K
}
Event: 32.428 GC heap before
{Heap before GC invocations=19 (full 3):
 PSYoungGen      total 160256K, used 143360K [0x00000000e0000000, 0x00000000ee580000, 0x0000000100000000)
  eden space 143360K, 100% used [0x00000000e0000000,0x00000000e8c00000,0x00000000e8c00000)
  from space 16896K, 0% used [0x00000000e8c00000,0x00000000e8c00000,0x00000000e9c80000)
  to   space 20992K, 0% used [0x00000000ed100000,0x00000000ed100000,0x00000000ee580000)
 ParOldGen       total 98304K, used 46038K [0x00000000a0000000, 0x00000000a6000000, 0x00000000e0000000)
  object space 98304K, 46% used [0x00000000a0000000,0x00000000a2cf5aa8,0x00000000a6000000)
 Metaspace       used 66657K, capacity 69108K, committed 69464K, reserved 1110016K
  class space    used 9001K, capacity 9511K, committed 9600K, reserved 1048576K
Event: 32.499 GC heap after
Heap after GC invocations=19 (full 3):
 PSYoungGen      total 204288K, used 20989K [0x00000000e0000000, 0x00000000eeb00000, 0x0000000100000000)
  eden space 183296K, 0% used [0x00000000e0000000,0x00000000e0000000,0x00000000eb300000)
  from space 20992K, 99% used [0x00000000ed100000,0x00000000ee57f678,0x00000000ee580000)
  to   space 28672K, 0% used [0x00000000eb300000,0x00000000eb300000,0x00000000ecf00000)
 ParOldGen       total 98304K, used 57809K [0x00000000a0000000, 0x00000000a6000000, 0x00000000e0000000)
  object space 98304K, 58% used [0x00000000a0000000,0x00000000a3874628,0x00000000a6000000)
 Metaspace       used 66657K, capacity 69108K, committed 69464K, reserved 1110016K
  class space    used 9001K, capacity 9511K, committed 9600K, reserved 1048576K
}
Event: 2752.963 GC heap before
{Heap before GC invocations=20 (full 3):
 PSYoungGen      total 204288K, used 204285K [0x00000000e0000000, 0x00000000eeb00000, 0x0000000100000000)
  eden space 183296K, 100% used [0x00000000e0000000,0x00000000eb300000,0x00000000eb300000)
  from space 20992K, 99% used [0x00000000ed100000,0x00000000ee57f678,0x00000000ee580000)
  to   space 28672K, 0% used [0x00000000eb300000,0x00000000eb300000,0x00000000ecf00000)
 ParOldGen       total 98304K, used 57809K [0x00000000a0000000, 0x00000000a6000000, 0x00000000e0000000)
  object space 98304K, 58% used [0x00000000a0000000,0x00000000a3874628,0x00000000a6000000)
 Metaspace       used 72616K, capacity 75440K, committed 75736K, reserved 1114112K
  class space    used 9603K, capacity 10177K, committed 10240K, reserved 1048576K
Event: 2753.049 GC heap after
Heap after GC invocations=20 (full 3):
 PSYoungGen      total 211968K, used 11897K [0x00000000e0000000, 0x00000000eeb00000, 0x0000000100000000)
  eden space 183296K, 0% used [0x00000000e0000000,0x00000000e0000000,0x00000000eb300000)
  from space 28672K, 41% used [0x00000000eb300000,0x00000000ebe9e720,0x00000000ecf00000)
  to   space 20992K, 0% used [0x00000000ed100000,0x00000000ed100000,0x00000000ee580000)
 ParOldGen       total 98304K, used 71479K [0x00000000a0000000, 0x00000000a6000000, 0x00000000e0000000)
  object space 98304K, 72% used [0x00000000a0000000,0x00000000a45cdc60,0x00000000a6000000)
 Metaspace       used 72616K, capacity 75440K, committed 75736K, reserved 1114112K
  class space    used 9603K, capacity 10177K, committed 10240K, reserved 1048576K
}

Deoptimization events (10 events):
Event: 2756.406 Thread 0x000000001ac30000 Uncommon trap: reason=unstable_if action=reinterpret pc=0x000000000392569c method=com.sun.tools.javac.code.Symbol.getRawTypeAttributes()Lcom/sun/tools/javac/util/List; @ 4
Event: 2756.428 Thread 0x000000001ac30000 Uncommon trap: reason=unstable_if action=reinterpret pc=0x0000000003900770 method=com.sun.tools.javac.jvm.Pool.put(Ljava/lang/Object;)I @ 80
Event: 2756.527 Thread 0x000000001ac30000 Uncommon trap: reason=unstable_if action=reinterpret pc=0x000000000377af58 method=com.sun.tools.javac.code.Scope.lookup(Lcom/sun/tools/javac/util/Name;Lcom/sun/tools/javac/util/Filter;)Lcom/sun/tools/javac/code/Scope$Entry; @ 19
Event: 2758.166 Thread 0x000000001ac30000 Uncommon trap: reason=null_check action=make_not_entrant pc=0x000000000441e790 method=org.gradle.api.internal.changedetection.state.CachingFileHasher.snapshot(Ljava/io/File;JJ)Lorg/gradle/api/internal/changedetection/state/CachingFileHasher$FileInfo; @ 31
Event: 2758.837 Thread 0x000000001d1b9800 Uncommon trap: reason=unstable_if action=reinterpret pc=0x0000000002716cbc method=java.util.concurrent.ConcurrentHashMap.transfer([Ljava/util/concurrent/ConcurrentHashMap$Node;[Ljava/util/concurrent/ConcurrentHashMap$Node;)V @ 277
Event: 2758.867 Thread 0x000000001d1ba800 Uncommon trap: reason=unstable_if action=reinterpret pc=0x00000000036dcf04 method=com.android.tools.r8.it.unimi.dsi.fastutil.objects.Object2IntLinkedOpenHashMap.insert(Ljava/lang/Object;I)I @ 117
Event: 2758.868 Thread 0x000000001d1ba800 Uncommon trap: reason=unstable_if action=reinterpret pc=0x0000000003cbffc8 method=com.android.tools.r8.dex.FileWriter.sizeOfCodeItem(Lcom/android/tools/r8/graph/DexCode;)I @ 76
Event: 2759.072 Thread 0x000000001ac2c000 Uncommon trap: reason=null_check action=make_not_entrant pc=0x0000000003baf104 method=org.gradle.api.internal.changedetection.state.CachingFileHasher.snapshot(Ljava/io/File;JJ)Lorg/gradle/api/internal/changedetection/state/CachingFileHasher$FileInfo; @ 31
Event: 2759.077 Thread 0x000000001ac2d800 Uncommon trap: reason=unstable_if action=reinterpret pc=0x00000000027dce38 method=com.esotericsoftware.kryo.io.Output.writeByte(B)V @ 8
Event: 2759.994 Thread 0x000000001d1b3800 Uncommon trap: reason=unloaded action=reinterpret pc=0x0000000003c2d624 method=com.android.tools.r8.code.BaseInstructionFactory.create(IILcom/android/tools/r8/code/BytecodeStream;Lcom/android/tools/r8/graph/OffsetToObjectMapping;)Lcom/android/tools/r8/cod

Classes redefined (0 events):
No events

Internal exceptions (10 events):
Event: 2751.502 Thread 0x0000000018cb1800 Exception <a 'sun/nio/fs/WindowsException'> (0x00000000e9f3b288) thrown at [D:\src\AOSP-openjdk-cygwin\jdk8u\hotspot\src\share\vm\prims\jni.cpp, line 709]
Event: 2751.502 Thread 0x0000000018cb1800 Exception <a 'sun/nio/fs/WindowsException'> (0x00000000e9f3bde0) thrown at [D:\src\AOSP-openjdk-cygwin\jdk8u\hotspot\src\share\vm\prims\jni.cpp, line 709]
Event: 2758.166 Thread 0x000000001ac30000 Implicit null exception at 0x000000000441dd38 to 0x000000000441e781
Event: 2758.818 Thread 0x000000001d1b1800 Exception <a 'sun/nio/fs/WindowsException'> (0x00000000e4bfb758) thrown at [D:\src\AOSP-openjdk-cygwin\jdk8u\hotspot\src\share\vm\prims\jni.cpp, line 709]
Event: 2758.820 Thread 0x000000001ac2c000 Exception <a 'sun/nio/fs/WindowsException'> (0x00000000e4bb8850) thrown at [D:\src\AOSP-openjdk-cygwin\jdk8u\hotspot\src\share\vm\prims\jni.cpp, line 709]
Event: 2758.870 Thread 0x000000001d1ba800 Exception <a 'sun/nio/fs/WindowsException'> (0x00000000e4d73270) thrown at [D:\src\AOSP-openjdk-cygwin\jdk8u\hotspot\src\share\vm\prims\jni.cpp, line 709]
Event: 2758.965 Thread 0x000000001d1b9800 Exception <a 'sun/nio/fs/WindowsException'> (0x00000000e4da4900) thrown at [D:\src\AOSP-openjdk-cygwin\jdk8u\hotspot\src\share\vm\prims\jni.cpp, line 709]
Event: 2759.010 Thread 0x000000001d1b2000 Exception <a 'sun/nio/fs/WindowsException'> (0x00000000e4fa0cf0) thrown at [D:\src\AOSP-openjdk-cygwin\jdk8u\hotspot\src\share\vm\prims\jni.cpp, line 709]
Event: 2759.072 Thread 0x000000001ac2c000 Implicit null exception at 0x0000000003bae43c to 0x0000000003baf0a5
Event: 2759.880 Thread 0x000000001d1b1800 Exception <a 'sun/nio/fs/WindowsException'> (0x00000000e54938e0) thrown at [D:\src\AOSP-openjdk-cygwin\jdk8u\hotspot\src\share\vm\prims\jni.cpp, line 709]

Events (10 events):
Event: 2760.185 Thread 0x000000001d1b3800 DEOPT PACKING pc=0x0000000003c1d0c6 sp=0x000000002613edc0
Event: 2760.185 Thread 0x000000001d1b3800 DEOPT UNPACKING pc=0x00000000022f75d0 sp=0x000000002613eb20 mode 0
Event: 2760.189 Thread 0x000000001d1b3800 DEOPT PACKING pc=0x0000000003c1d0c6 sp=0x000000002613edc0
Event: 2760.189 Thread 0x000000001d1b3800 DEOPT UNPACKING pc=0x00000000022f75d0 sp=0x000000002613eb20 mode 0
Event: 2760.189 loading class com/android/tools/r8/graph/DexValue$1
Event: 2760.189 loading class com/android/tools/r8/graph/DexValue$1 done
Event: 2760.194 Thread 0x000000001d1b3800 DEOPT PACKING pc=0x0000000003c1d0c6 sp=0x000000002613edc0
Event: 2760.194 Thread 0x000000001d1b3800 DEOPT UNPACKING pc=0x00000000022f75d0 sp=0x000000002613eb20 mode 0
Event: 2760.201 Executing VM operation: RevokeBias
Event: 2760.202 Executing VM operation: RevokeBias done


Dynamic libraries:
0x00007ff6ed350000 - 0x00007ff6ed381000 	C:\Program Files (x86)\Android\Android Studio\jre\bin\java.exe
0x00007fff97830000 - 0x00007fff97a11000 	C:\WINDOWS\SYSTEM32\ntdll.dll
0x00007fff6f900000 - 0x00007fff6f934000 	C:\Program Files\AVAST Software\Avast\x64\aswhooka.dll
0x00007fff96fc0000 - 0x00007fff97072000 	C:\WINDOWS\System32\KERNEL32.DLL
0x00007fff93c00000 - 0x00007fff93e73000 	C:\WINDOWS\System32\KERNELBASE.dll
0x00007fff94cc0000 - 0x00007fff94d61000 	C:\WINDOWS\System32\ADVAPI32.dll
0x00007fff96940000 - 0x00007fff969de000 	C:\WINDOWS\System32\msvcrt.dll
0x00007fff97180000 - 0x00007fff971db000 	C:\WINDOWS\System32\sechost.dll
0x00007fff96810000 - 0x00007fff96934000 	C:\WINDOWS\System32\RPCRT4.dll
0x00007fff969e0000 - 0x00007fff96b70000 	C:\WINDOWS\System32\USER32.dll
0x00007fff94a50000 - 0x00007fff94a70000 	C:\WINDOWS\System32\win32u.dll
0x00007fff94e10000 - 0x00007fff94e38000 	C:\WINDOWS\System32\GDI32.dll
0x00007fff94ad0000 - 0x00007fff94c62000 	C:\WINDOWS\System32\gdi32full.dll
0x00007fff949b0000 - 0x00007fff94a4f000 	C:\WINDOWS\System32\msvcp_win.dll
0x00007fff941a0000 - 0x00007fff9429a000 	C:\WINDOWS\System32\ucrtbase.dll
0x00007fff7c4a0000 - 0x00007fff7c709000 	C:\WINDOWS\WinSxS\amd64_microsoft.windows.common-controls_6595b64144ccf1df_6.0.17134.285_none_fb4297e330656775\COMCTL32.dll
0x00007fff974d0000 - 0x00007fff977f3000 	C:\WINDOWS\System32\combase.dll
0x00007fff94120000 - 0x00007fff9419a000 	C:\WINDOWS\System32\bcryptPrimitives.dll
0x00007fff97080000 - 0x00007fff970ad000 	C:\WINDOWS\System32\IMM32.DLL
0x000000005c900000 - 0x000000005c9d2000 	C:\Program Files (x86)\Android\Android Studio\jre\jre\bin\msvcr100.dll
0x000000005c9e0000 - 0x000000005d21f000 	C:\Program Files (x86)\Android\Android Studio\jre\jre\bin\server\jvm.dll
0x00007fff97460000 - 0x00007fff97468000 	C:\WINDOWS\System32\PSAPI.DLL
0x00007fff7dc60000 - 0x00007fff7dc69000 	C:\WINDOWS\SYSTEM32\WSOCK32.dll
0x00007fff96290000 - 0x00007fff962fc000 	C:\WINDOWS\System32\WS2_32.dll
0x00007fff8fcd0000 - 0x00007fff8fcf3000 	C:\WINDOWS\SYSTEM32\WINMM.dll
0x00007fff862b0000 - 0x00007fff862ba000 	C:\WINDOWS\SYSTEM32\VERSION.dll
0x00007fff8fca0000 - 0x00007fff8fcca000 	C:\WINDOWS\SYSTEM32\WINMMBASE.dll
0x00007fff94c70000 - 0x00007fff94cb9000 	C:\WINDOWS\System32\cfgmgr32.dll
0x00007fff8e180000 - 0x00007fff8e18f000 	C:\Program Files (x86)\Android\Android Studio\jre\jre\bin\verify.dll
0x00007fff88bb0000 - 0x00007fff88bd9000 	C:\Program Files (x86)\Android\Android Studio\jre\jre\bin\java.dll
0x00007fff8e160000 - 0x00007fff8e176000 	C:\Program Files (x86)\Android\Android Studio\jre\jre\bin\zip.dll
0x00007fff94e40000 - 0x00007fff96280000 	C:\WINDOWS\System32\SHELL32.dll
0x00007fff973b0000 - 0x00007fff97459000 	C:\WINDOWS\System32\shcore.dll
0x00007fff942a0000 - 0x00007fff949ad000 	C:\WINDOWS\System32\windows.storage.dll
0x00007fff96300000 - 0x00007fff96351000 	C:\WINDOWS\System32\shlwapi.dll
0x00007fff93b60000 - 0x00007fff93b71000 	C:\WINDOWS\System32\kernel.appcore.dll
0x00007fff93b40000 - 0x00007fff93b5f000 	C:\WINDOWS\System32\profapi.dll
0x00007fff93b90000 - 0x00007fff93bdc000 	C:\WINDOWS\System32\powrprof.dll
0x00007fff93b80000 - 0x00007fff93b8a000 	C:\WINDOWS\System32\FLTLIB.DLL
0x00007fff8c6c0000 - 0x00007fff8c6da000 	C:\Program Files (x86)\Android\Android Studio\jre\jre\bin\net.dll
0x00007fff93360000 - 0x00007fff933c6000 	C:\WINDOWS\system32\mswsock.dll
0x00007fff88b90000 - 0x00007fff88ba1000 	C:\Program Files (x86)\Android\Android Studio\jre\jre\bin\nio.dll
0x00007fff88b70000 - 0x00007fff88b8e000 	C:\Users\HP\.gradle\native\25\windows-amd64\native-platform.dll
0x00007fff8df10000 - 0x00007fff8df1d000 	C:\Program Files (x86)\Android\Android Studio\jre\jre\bin\management.dll
0x00007fff93570000 - 0x00007fff93587000 	C:\WINDOWS\SYSTEM32\CRYPTSP.dll
0x00007fff92f40000 - 0x00007fff92f73000 	C:\WINDOWS\system32\rsaenh.dll
0x00007fff93690000 - 0x00007fff936b5000 	C:\WINDOWS\SYSTEM32\bcrypt.dll
0x00007fff93a40000 - 0x00007fff93a68000 	C:\WINDOWS\SYSTEM32\USERENV.dll
0x00007fff93970000 - 0x00007fff9397b000 	C:\WINDOWS\SYSTEM32\CRYPTBASE.dll
0x00007fff930e0000 - 0x00007fff93118000 	C:\WINDOWS\SYSTEM32\IPHLPAPI.DLL
0x00007fff96280000 - 0x00007fff96288000 	C:\WINDOWS\System32\NSI.dll
0x00007fff8ae50000 - 0x00007fff8ae66000 	C:\WINDOWS\SYSTEM32\dhcpcsvc6.DLL
0x00007fff8b390000 - 0x00007fff8b3aa000 	C:\WINDOWS\SYSTEM32\dhcpcsvc.DLL

VM Arguments:
jvm_args: -Xmx1536m -Dfile.encoding=windows-1252 -Duser.country=US -Duser.language=en -Duser.variant 
java_command: org.gradle.launcher.daemon.bootstrap.GradleDaemon 4.4
java_class_path (initial): C:\Users\HP\.gradle\wrapper\dists\gradle-4.4-all\9br9xq1tocpiv8o6njlyu5op1\gradle-4.4\lib\gradle-launcher-4.4.jar
Launcher Type: SUN_STANDARD

Environment Variables:
PATH=C:\Program Files (x86)\Common Files\Oracle\Java\javapath;C:\Program Files (x86)\Common Files\ArcSoft\Bin;C:\Program Files (x86)\Intel\iCLS Client\;C:\Program Files\Intel\iCLS Client\;C:\WINDOWS\system32;C:\WINDOWS;C:\WINDOWS\System32\Wbem;C:\WINDOWS\System32\WindowsPowerShell\v1.0\;C:\Program Files (x86)\Intel\Intel(R) Management Engine Components\DAL;C:\Program Files\Intel\Intel(R) Management Engine Components\DAL;C:\Program Files (x86)\Intel\Intel(R) Management Engine Components\IPT;C:\Program Files\Intel\Intel(R) Management Engine Components\IPT;c:\Program Files\Intel\WiFi\bin\;c:\Program Files\Common Files\Intel\WirelessCommon\;C:\Program Files (x86)\GtkSharp\2.12\bin;C:\WINDOWS\System32\OpenSSH\;C:\Users\HP\AppData\Local\Android\Sdk;C:\Program Files (x86)\Java\jdk1.6.0_18\bin;%USERPROFILE%\AppData\Local\Microsoft\WindowsApps;
USERNAME=HP
OS=Windows_NT
PROCESSOR_IDENTIFIER=Intel64 Family 6 Model 61 Stepping 4, GenuineIntel



---------------  S Y S T E M  ---------------

OS: Windows 10.0 , 64 bit Build 17134 (10.0.17134.1)

CPU:total 4 (initial active 4) (2 cores per cpu, 2 threads per core) family 6 model 61 stepping 4, cmov, cx8, fxsr, mmx, sse, sse2, sse3, ssse3, sse4.1, sse4.2, popcnt, avx, avx2, aes, clmul, erms, 3dnowpref, lzcnt, ht, tsc, tscinvbit, bmi1, bmi2, adx

Memory: 4k page, physical 4082796k(306904k free), swap 4082796k(5136k free)

vm_info: OpenJDK 64-Bit Server VM (25.152-b02) for windows-amd64 JRE (1.8.0_152-release-1024-b02), built by "builder" with MS VC++ 10.0 (VS2010)

time: Tue Oct 09 00:10:21 2018
elapsed time: 2760 seconds (0d 0h 46m 0s)

