#
# There is insufficient memory for the Java Runtime Environment to continue.
# Native memory allocation (malloc) failed to allocate 531536 bytes for Chunk::new
# Possible reasons:
#   The system is out of physical RAM or swap space
#   In 32 bit mode, the process size limit was hit
# Possible solutions:
#   Reduce memory load on the system
#   Increase physical memory or swap space
#   Check if swap backing store is full
#   Use 64 bit Java on a 64 bit OS
#   Decrease Java heap size (-Xmx/-Xms)
#   Decrease number of Java threads
#   Decrease Java thread stack sizes (-Xss)
#   Set larger code cache with -XX:ReservedCodeCacheSize=
# This output file may be truncated or incomplete.
#
#  Out of Memory Error (allocation.cpp:390), pid=11096, tid=0x0000000000001718
#
# JRE version: OpenJDK Runtime Environment (8.0_152-b02) (build 1.8.0_152-release-1024-b02)
# Java VM: OpenJDK 64-Bit Server VM (25.152-b02 mixed mode windows-amd64 compressed oops)
# Failed to write core dump. Minidumps are not enabled by default on client versions of Windows
#

---------------  T H R E A D  ---------------

Current thread (0x0000000016ab3000):  JavaThread "C2 CompilerThread1" daemon [_thread_in_native, id=5912, stack(0x0000000018210000,0x0000000018310000)]

Stack: [0x0000000018210000,0x0000000018310000]
[error occurred during error reporting (printing stack bounds), id 0xc0000005]

Native frames: (J=compiled Java code, j=interpreted, Vv=VM code, C=native code)


Current CompileTask:
C2:  31379 9142       4       java.lang.Class::getMethod0 (40 bytes)


---------------  P R O C E S S  ---------------

Java Threads: ( => current thread )
  0x000000001d47e800 JavaThread "ForkJoinPool.commonPool-worker-2" daemon [_thread_blocked, id=6444, stack(0x0000000023fe0000,0x00000000240e0000)]
  0x000000001d480800 JavaThread "ForkJoinPool.commonPool-worker-1" daemon [_thread_blocked, id=6028, stack(0x0000000023ae0000,0x0000000023be0000)]
  0x000000001d477800 JavaThread "Cache worker for Build Output Cleanup Cache (C:\Users\HP\AndroidStudioProjects\QuizQuiz\.gradle\buildOutputCleanup)" [_thread_blocked, id=6488, stack(0x00000000236e0000,0x00000000237e0000)]
  0x000000001d474800 JavaThread "Cache worker for task history cache (C:\Users\HP\AndroidStudioProjects\QuizQuiz\.gradle\4.4\taskHistory)" [_thread_blocked, id=7920, stack(0x00000000235e0000,0x00000000236e0000)]
  0x000000001d47b800 JavaThread "Cache worker for file content cache (C:\Users\HP\AndroidStudioProjects\QuizQuiz\.gradle\4.4\fileContent)" [_thread_blocked, id=10468, stack(0x00000000230b0000,0x00000000231b0000)]
  0x000000001d475800 JavaThread "Memory manager" [_thread_blocked, id=4364, stack(0x00000000220f0000,0x00000000221f0000)]
  0x000000001d47a800 JavaThread "pool-1-thread-1" [_thread_blocked, id=7988, stack(0x0000000021790000,0x0000000021890000)]
  0x000000001d477000 JavaThread "build operations Thread 4" [_thread_blocked, id=7888, stack(0x0000000021690000,0x0000000021790000)]
  0x00000000191f7000 JavaThread "build operations Thread 3" [_thread_blocked, id=1740, stack(0x0000000021590000,0x0000000021690000)]
  0x00000000191fb000 JavaThread "build operations Thread 2" [_thread_blocked, id=5364, stack(0x0000000020230000,0x0000000020330000)]
  0x00000000191fa000 JavaThread "build operations" [_thread_blocked, id=12188, stack(0x0000000020130000,0x0000000020230000)]
  0x00000000191f6000 JavaThread "Cache worker for Artifact transforms cache (C:\Users\HP\.gradle\caches\transforms-1)" [_thread_blocked, id=4476, stack(0x000000001fd30000,0x000000001fe30000)]
  0x000000001a1ca000 JavaThread "Cache worker for file hash cache (C:\Users\HP\AndroidStudioProjects\QuizQuiz\.gradle\4.4\fileHashes)" [_thread_blocked, id=13152, stack(0x000000001c630000,0x000000001c730000)]
  0x0000000019b17000 JavaThread "File lock request listener" [_thread_in_native, id=12732, stack(0x000000001b560000,0x000000001b660000)]
  0x0000000019c1b800 JavaThread "Cache worker for file hash cache (C:\Users\HP\.gradle\caches\4.4\fileHashes)" [_thread_blocked, id=6188, stack(0x000000001b460000,0x000000001b560000)]
  0x000000001972c000 JavaThread "Stdin handler" [_thread_blocked, id=12584, stack(0x000000001b160000,0x000000001b260000)]
  0x0000000019736800 JavaThread "Asynchronous log dispatcher for DefaultDaemonConnection: socket connection from /127.0.0.1:4370 to /127.0.0.1:4371" [_thread_blocked, id=7872, stack(0x000000001b060000,0x000000001b160000)]
  0x0000000019733800 JavaThread "Daemon worker" [_thread_in_vm, id=12620, stack(0x000000001af60000,0x000000001b060000)]
  0x00000000199f7800 JavaThread "Cancel handler" [_thread_blocked, id=13140, stack(0x000000001ae60000,0x000000001af60000)]
  0x000000001996c000 JavaThread "Handler for socket connection from /127.0.0.1:4370 to /127.0.0.1:4371" [_thread_in_native, id=11504, stack(0x000000001ab60000,0x000000001ac60000)]
  0x000000001996b800 JavaThread "Daemon" [_thread_blocked, id=10608, stack(0x000000001aa60000,0x000000001ab60000)]
  0x00000000197c5800 JavaThread "Daemon periodic checks" [_thread_blocked, id=4652, stack(0x000000001a960000,0x000000001aa60000)]
  0x00000000197b0000 JavaThread "Incoming local TCP Connector on port 4370" [_thread_in_native, id=9268, stack(0x000000001a720000,0x000000001a820000)]
  0x0000000018439000 JavaThread "Service Thread" daemon [_thread_blocked, id=6672, stack(0x0000000018810000,0x0000000018910000)]
  0x0000000016afb800 JavaThread "C1 CompilerThread2" daemon [_thread_blocked, id=10060, stack(0x0000000018310000,0x0000000018410000)]
=>0x0000000016ab3000 JavaThread "C2 CompilerThread1" daemon [_thread_in_native, id=5912, stack(0x0000000018210000,0x0000000018310000)]
  0x0000000016aad000 JavaThread "C2 CompilerThread0" daemon [_thread_in_native, id=9632, stack(0x0000000018110000,0x0000000018210000)]
  0x0000000016aab800 JavaThread "Attach Listener" daemon [_thread_blocked, id=10620, stack(0x0000000018010000,0x0000000018110000)]
  0x0000000016aaa800 JavaThread "Signal Dispatcher" daemon [_thread_blocked, id=2596, stack(0x0000000017f10000,0x0000000018010000)]
  0x000000000313c800 JavaThread "Finalizer" daemon [_thread_blocked, id=4100, stack(0x0000000017d20000,0x0000000017e20000)]
  0x0000000003131800 JavaThread "Reference Handler" daemon [_thread_blocked, id=13224, stack(0x0000000017c20000,0x0000000017d20000)]
  0x000000000303e000 JavaThread "main" [_thread_blocked, id=1684, stack(0x0000000002e70000,0x0000000002f70000)]

Other Threads:
  0x0000000016a76800 VMThread [stack: 0x0000000017b20000,0x0000000017c20000] [id=220]
  0x0000000016b0b000 WatcherThread [stack: 0x0000000018910000,0x0000000018a10000] [id=7644]

VM state:not at safepoint (normal execution)

VM Mutex/Monitor currently owned by a thread: None

Heap:
 PSYoungGen      total 210944K, used 156987K [0x00000000e0000000, 0x00000000f0480000, 0x0000000100000000)
  eden space 190464K, 80% used [0x00000000e0000000,0x00000000e94e8c48,0x00000000eba00000)
  from space 20480K, 21% used [0x00000000eba00000,0x00000000ebe661c0,0x00000000ece00000)
  to   space 19968K, 0% used [0x00000000ef100000,0x00000000ef100000,0x00000000f0480000)
 ParOldGen       total 101888K, used 51726K [0x00000000a0000000, 0x00000000a6380000, 0x00000000e0000000)
  object space 101888K, 50% used [0x00000000a0000000,0x00000000a3283bf8,0x00000000a6380000)
 Metaspace       used 61921K, capacity 64310K, committed 64600K, reserved 1105920K
  class space    used 8471K, capacity 8974K, committed 9088K, reserved 1048576K

Card table byte_map: [0x0000000012500000,0x0000000012810000] byte_map_base: 0x0000000012000000

Marking Bits: (ParMarkBitMap*) 0x000000005d1a4970
 Begin Bits: [0x0000000012e10000, 0x0000000014610000)
 End Bits:   [0x0000000014610000, 0x0000000015e10000)

Polling page: 0x00000000013d0000

CodeCache: size=245760Kb used=24613Kb max_used=24613Kb free=221146Kb
 bounds [0x0000000003140000, 0x0000000004970000, 0x0000000012140000]
 total_blobs=8775 nmethods=7986 adapters=702
 compilation: enabled

Compilation events (10 events):
Event: 31.354 Thread 0x0000000016afb800 9170       3       java.security.ProtectionDomain::<init> (98 bytes)
Event: 31.355 Thread 0x0000000016afb800 nmethod 9170 0x0000000004962310 code [0x00000000049624c0, 0x0000000004962e48]
Event: 31.360 Thread 0x0000000016afb800 9171       3       java.util.Arrays::sort (24 bytes)
Event: 31.360 Thread 0x0000000016afb800 nmethod 9171 0x0000000004958ad0 code [0x0000000004958c40, 0x0000000004958e48]
Event: 31.363 Thread 0x0000000016afb800 9172       3       java.io.ObjectStreamField::compareTo (40 bytes)
Event: 31.365 Thread 0x0000000016afb800 nmethod 9172 0x0000000004963110 code [0x0000000004963300, 0x0000000004963d28]
Event: 31.366 Thread 0x0000000016afb800 9173       3       sun.reflect.misc.ReflectUtil::isNonPublicProxyClass (51 bytes)
Event: 31.367 Thread 0x0000000016afb800 nmethod 9173 0x0000000004964290 code [0x00000000049644c0, 0x00000000049651d8]
Event: 31.369 Thread 0x0000000016afb800 9175       1       jdk.internal.org.objectweb.asm.MethodWriter::visitCode (1 bytes)
Event: 31.369 Thread 0x0000000016afb800 nmethod 9175 0x0000000004965790 code [0x00000000049658e0, 0x00000000049659f0]

GC Heap History (10 events):
Event: 24.679 GC heap before
{Heap before GC invocations=16 (full 2):
 PSYoungGen      total 125440K, used 125432K [0x00000000e0000000, 0x00000000eb000000, 0x0000000100000000)
  eden space 114688K, 100% used [0x00000000e0000000,0x00000000e7000000,0x00000000e7000000)
  from space 10752K, 99% used [0x00000000e7000000,0x00000000e7a7e0b0,0x00000000e7a80000)
  to   space 14848K, 0% used [0x00000000ea180000,0x00000000ea180000,0x00000000eb000000)
 ParOldGen       total 53248K, used 23937K [0x00000000a0000000, 0x00000000a3400000, 0x00000000e0000000)
  object space 53248K, 44% used [0x00000000a0000000,0x00000000a1760698,0x00000000a3400000)
 Metaspace       used 54959K, capacity 56602K, committed 56792K, reserved 1097728K
  class space    used 7514K, capacity 7928K, committed 7936K, reserved 1048576K
Event: 24.714 GC heap after
Heap after GC invocations=16 (full 2):
 PSYoungGen      total 159744K, used 14844K [0x00000000e0000000, 0x00000000eb880000, 0x0000000100000000)
  eden space 144896K, 0% used [0x00000000e0000000,0x00000000e0000000,0x00000000e8d80000)
  from space 14848K, 99% used [0x00000000ea180000,0x00000000eafff020,0x00000000eb000000)
  to   space 20480K, 0% used [0x00000000e8d80000,0x00000000e8d80000,0x00000000ea180000)
 ParOldGen       total 53248K, used 33307K [0x00000000a0000000, 0x00000000a3400000, 0x00000000e0000000)
  object space 53248K, 62% used [0x00000000a0000000,0x00000000a2086e18,0x00000000a3400000)
 Metaspace       used 54959K, capacity 56602K, committed 56792K, reserved 1097728K
  class space    used 7514K, capacity 7928K, committed 7936K, reserved 1048576K
}
Event: 25.479 GC heap before
{Heap before GC invocations=17 (full 2):
 PSYoungGen      total 159744K, used 46355K [0x00000000e0000000, 0x00000000eb880000, 0x0000000100000000)
  eden space 144896K, 21% used [0x00000000e0000000,0x00000000e1ec5f58,0x00000000e8d80000)
  from space 14848K, 99% used [0x00000000ea180000,0x00000000eafff020,0x00000000eb000000)
  to   space 20480K, 0% used [0x00000000e8d80000,0x00000000e8d80000,0x00000000ea180000)
 ParOldGen       total 53248K, used 33307K [0x00000000a0000000, 0x00000000a3400000, 0x00000000e0000000)
  object space 53248K, 62% used [0x00000000a0000000,0x00000000a2086e18,0x00000000a3400000)
 Metaspace       used 57138K, capacity 58844K, committed 58968K, reserved 1099776K
  class space    used 7843K, capacity 8259K, committed 8320K, reserved 1048576K
Event: 25.544 GC heap after
Heap after GC invocations=17 (full 2):
 PSYoungGen      total 165376K, used 12979K [0x00000000e0000000, 0x00000000ef200000, 0x0000000100000000)
  eden space 144896K, 0% used [0x00000000e0000000,0x00000000e0000000,0x00000000e8d80000)
  from space 20480K, 63% used [0x00000000e8d80000,0x00000000e9a2cd20,0x00000000ea180000)
  to   space 20992K, 0% used [0x00000000edd80000,0x00000000edd80000,0x00000000ef200000)
 ParOldGen       total 53248K, used 44754K [0x00000000a0000000, 0x00000000a3400000, 0x00000000e0000000)
  object space 53248K, 84% used [0x00000000a0000000,0x00000000a2bb48a0,0x00000000a3400000)
 Metaspace       used 57138K, capacity 58844K, committed 58968K, reserved 1099776K
  class space    used 7843K, capacity 8259K, committed 8320K, reserved 1048576K
}
Event: 25.544 GC heap before
{Heap before GC invocations=18 (full 3):
 PSYoungGen      total 165376K, used 12979K [0x00000000e0000000, 0x00000000ef200000, 0x0000000100000000)
  eden space 144896K, 0% used [0x00000000e0000000,0x00000000e0000000,0x00000000e8d80000)
  from space 20480K, 63% used [0x00000000e8d80000,0x00000000e9a2cd20,0x00000000ea180000)
  to   space 20992K, 0% used [0x00000000edd80000,0x00000000edd80000,0x00000000ef200000)
 ParOldGen       total 53248K, used 44754K [0x00000000a0000000, 0x00000000a3400000, 0x00000000e0000000)
  object space 53248K, 84% used [0x00000000a0000000,0x00000000a2bb48a0,0x00000000a3400000)
 Metaspace       used 57138K, capacity 58844K, committed 58968K, reserved 1099776K
  class space    used 7843K, capacity 8259K, committed 8320K, reserved 1048576K
Event: 26.033 GC heap after
Heap after GC invocations=18 (full 3):
 PSYoungGen      total 165376K, used 0K [0x00000000e0000000, 0x00000000ef200000, 0x0000000100000000)
  eden space 144896K, 0% used [0x00000000e0000000,0x00000000e0000000,0x00000000e8d80000)
  from space 20480K, 0% used [0x00000000e8d80000,0x00000000e8d80000,0x00000000ea180000)
  to   space 20992K, 0% used [0x00000000edd80000,0x00000000edd80000,0x00000000ef200000)
 ParOldGen       total 101888K, used 49261K [0x00000000a0000000, 0x00000000a6380000, 0x00000000e0000000)
  object space 101888K, 48% used [0x00000000a0000000,0x00000000a301b5c8,0x00000000a6380000)
 Metaspace       used 57123K, capacity 58804K, committed 58968K, reserved 1099776K
  class space    used 7837K, capacity 8249K, committed 8320K, reserved 1048576K
}
Event: 29.473 GC heap before
{Heap before GC invocations=19 (full 3):
 PSYoungGen      total 165376K, used 144368K [0x00000000e0000000, 0x00000000ef200000, 0x0000000100000000)
  eden space 144896K, 99% used [0x00000000e0000000,0x00000000e8cfc2d0,0x00000000e8d80000)
  from space 20480K, 0% used [0x00000000e8d80000,0x00000000e8d80000,0x00000000ea180000)
  to   space 20992K, 0% used [0x00000000edd80000,0x00000000edd80000,0x00000000ef200000)
 ParOldGen       total 101888K, used 49261K [0x00000000a0000000, 0x00000000a6380000, 0x00000000e0000000)
  object space 101888K, 48% used [0x00000000a0000000,0x00000000a301b5c8,0x00000000a6380000)
 Metaspace       used 59697K, capacity 61878K, committed 62168K, reserved 1103872K
  class space    used 8143K, capacity 8586K, committed 8704K, reserved 1048576K
Event: 29.489 GC heap after
Heap after GC invocations=19 (full 3):
 PSYoungGen      total 195072K, used 4295K [0x00000000e0000000, 0x00000000ee200000, 0x0000000100000000)
  eden space 190464K, 0% used [0x00000000e0000000,0x00000000e0000000,0x00000000eba00000)
  from space 4608K, 93% used [0x00000000edd80000,0x00000000ee1b1d58,0x00000000ee200000)
  to   space 20480K, 0% used [0x00000000eba00000,0x00000000eba00000,0x00000000ece00000)
 ParOldGen       total 101888K, used 49269K [0x00000000a0000000, 0x00000000a6380000, 0x00000000e0000000)
  object space 101888K, 48% used [0x00000000a0000000,0x00000000a301d5c8,0x00000000a6380000)
 Metaspace       used 59697K, capacity 61878K, committed 62168K, reserved 1103872K
  class space    used 8143K, capacity 8586K, committed 8704K, reserved 1048576K
}
Event: 30.673 GC heap before
{Heap before GC invocations=20 (full 3):
 PSYoungGen      total 195072K, used 194063K [0x00000000e0000000, 0x00000000ee200000, 0x0000000100000000)
  eden space 190464K, 99% used [0x00000000e0000000,0x00000000eb952270,0x00000000eba00000)
  from space 4608K, 93% used [0x00000000edd80000,0x00000000ee1b1d58,0x00000000ee200000)
  to   space 20480K, 0% used [0x00000000eba00000,0x00000000eba00000,0x00000000ece00000)
 ParOldGen       total 101888K, used 49269K [0x00000000a0000000, 0x00000000a6380000, 0x00000000e0000000)
  object space 101888K, 48% used [0x00000000a0000000,0x00000000a301d5c8,0x00000000a6380000)
 Metaspace       used 60857K, capacity 63146K, committed 63320K, reserved 1103872K
  class space    used 8287K, capacity 8774K, committed 8832K, reserved 1048576K
Event: 30.683 GC heap after
Heap after GC invocations=20 (full 3):
 PSYoungGen      total 210944K, used 4504K [0x00000000e0000000, 0x00000000f0480000, 0x0000000100000000)
  eden space 190464K, 0% used [0x00000000e0000000,0x00000000e0000000,0x00000000eba00000)
  from space 20480K, 21% used [0x00000000eba00000,0x00000000ebe661c0,0x00000000ece00000)
  to   space 19968K, 0% used [0x00000000ef100000,0x00000000ef100000,0x00000000f0480000)
 ParOldGen       total 101888K, used 51726K [0x00000000a0000000, 0x00000000a6380000, 0x00000000e0000000)
  object space 101888K, 50% used [0x00000000a0000000,0x00000000a3283bf8,0x00000000a6380000)
 Metaspace       used 60857K, capacity 63146K, committed 63320K, reserved 1103872K
  class space    used 8287K, capacity 8774K, committed 8832K, reserved 1048576K
}

Deoptimization events (10 events):
Event: 31.324 Thread 0x0000000019733800 Uncommon trap: reason=class_check action=maybe_recompile pc=0x00000000035e02a0 method=java.io.ObjectOutputStream.writeNonProxyDesc(Ljava/io/ObjectStreamClass;Z)V @ 44
Event: 31.324 Thread 0x0000000019733800 Uncommon trap: reason=unstable_if action=reinterpret pc=0x0000000003886540 method=java.io.ObjectStreamClass.hasWriteObjectMethod()Z @ 8
Event: 31.325 Thread 0x0000000019733800 Uncommon trap: reason=class_check action=maybe_recompile pc=0x00000000035e02a0 method=java.io.ObjectOutputStream.writeNonProxyDesc(Ljava/io/ObjectStreamClass;Z)V @ 44
Event: 31.325 Thread 0x0000000019733800 Uncommon trap: reason=unstable_if action=reinterpret pc=0x0000000003b9a54c method=java.lang.reflect.Proxy.isProxyClass(Ljava/lang/Class;)Z @ 6
Event: 31.326 Thread 0x0000000019733800 Uncommon trap: reason=unstable_if action=reinterpret pc=0x00000000035e03e0 method=java.io.ObjectOutputStream.writeClassDesc(Ljava/io/ObjectStreamClass;Z)V @ 41
Event: 31.326 Thread 0x0000000019733800 Uncommon trap: reason=unstable_if action=reinterpret pc=0x0000000003df4080 method=java.lang.reflect.Proxy.isProxyClass(Ljava/lang/Class;)Z @ 6
Event: 31.339 Thread 0x0000000019733800 Uncommon trap: reason=bimorphic action=maybe_recompile pc=0x0000000003270444 method=com.google.common.cache.LocalCache$Segment.setValue(Lcom/google/common/cache/LocalCache$ReferenceEntry;Ljava/lang/Object;Ljava/lang/Object;J)V @ 76
Event: 31.339 Thread 0x0000000019733800 Uncommon trap: reason=bimorphic action=maybe_recompile pc=0x0000000003270444 method=com.google.common.cache.LocalCache$Segment.setValue(Lcom/google/common/cache/LocalCache$ReferenceEntry;Ljava/lang/Object;Ljava/lang/Object;J)V @ 76
Event: 31.339 Thread 0x0000000019733800 Uncommon trap: reason=bimorphic action=maybe_recompile pc=0x0000000003270444 method=com.google.common.cache.LocalCache$Segment.setValue(Lcom/google/common/cache/LocalCache$ReferenceEntry;Ljava/lang/Object;Ljava/lang/Object;J)V @ 76
Event: 31.339 Thread 0x0000000019733800 Uncommon trap: reason=bimorphic action=maybe_recompile pc=0x0000000003270444 method=com.google.common.cache.LocalCache$Segment.setValue(Lcom/google/common/cache/LocalCache$ReferenceEntry;Ljava/lang/Object;Ljava/lang/Object;J)V @ 76

Classes redefined (0 events):
No events

Internal exceptions (10 events):
Event: 27.147 Thread 0x000000001d481800 Exception <a 'sun/nio/fs/WindowsException'> (0x00000000e3119da8) thrown at [D:\src\AOSP-openjdk-cygwin\jdk8u\hotspot\src\share\vm\prims\jni.cpp, line 709]
Event: 27.709 Thread 0x0000000019733800 Exception <a 'java/lang/NoSuchMethodError': java.lang.Object.lambda$asRunnable$0(Lcom/android/apkzlib/utils/IOExceptionRunnable;)V> (0x00000000e39aef50) thrown at [D:\src\AOSP-openjdk-cygwin\jdk8u\hotspot\src\share\vm\interpreter\linkResolver.cpp, line 58
Event: 27.733 Thread 0x0000000019733800 Exception <a 'java/lang/NoSuchMethodError': java.lang.Object.lambda$and$0(Ljava/util/function/Predicate;Ljava/lang/Object;)Z> (0x00000000e3a0b820) thrown at [D:\src\AOSP-openjdk-cygwin\jdk8u\hotspot\src\share\vm\interpreter\linkResolver.cpp, line 584]
Event: 29.301 Thread 0x0000000019733800 Implicit null exception at 0x0000000004842eb0 to 0x0000000004842ec0
Event: 29.695 Thread 0x0000000019733800 Implicit null exception at 0x00000000044a8a88 to 0x00000000044a8d7a
Event: 30.021 Thread 0x000000001d480800 Exception <a 'java/lang/ClassNotFoundException': org/gradle/api/plugins/JavaPluginConventionBeanInfo> (0x00000000e1768768) thrown at [D:\src\AOSP-openjdk-cygwin\jdk8u\hotspot\src\share\vm\classfile\systemDictionary.cpp, line 210]
Event: 30.023 Thread 0x000000001d480800 Exception <a 'java/lang/ClassNotFoundException': org/gradle/api/plugins/JavaPluginConventionCustomizer> (0x00000000e179f7b8) thrown at [D:\src\AOSP-openjdk-cygwin\jdk8u\hotspot\src\share\vm\classfile\systemDictionary.cpp, line 210]
Event: 30.111 Thread 0x000000001d480800 Exception <a 'java/lang/NoSuchMethodError': java.lang.Object.lambda$comparing$ea9a8b3a$1(Ljava/util/Comparator;Ljava/util/function/Function;Ljava/lang/Object;Ljava/lang/Object;)I> (0x00000000e19115e0) thrown at [D:\src\AOSP-openjdk-cygwin\jdk8u\hotspot\sr
Event: 30.159 Thread 0x000000001d480800 Exception <a 'java/lang/NoSuchMethodError': java.lang.Object.lambda$or$2(Ljava/util/function/Predicate;Ljava/lang/Object;)Z> (0x00000000e206a208) thrown at [D:\src\AOSP-openjdk-cygwin\jdk8u\hotspot\src\share\vm\interpreter\linkResolver.cpp, line 584]
Event: 30.831 Thread 0x000000001d480800 Exception <a 'java/io/FileNotFoundException'> (0x00000000e852fe60) thrown at [D:\src\AOSP-openjdk-cygwin\jdk8u\hotspot\src\share\vm\prims\jni.cpp, line 709]

Events (10 events):
Event: 31.370 loading class com/android/build/gradle/internal/workeractions/WorkerActionServiceRegistry$shutdownAllRegisteredServices$1$1
Event: 31.370 loading class com/android/build/gradle/internal/workeractions/WorkerActionServiceRegistry$shutdownAllRegisteredServices$1$1 done
Event: 31.370 loading class java/util/concurrent/ForkJoinTask$RunnableExecuteAction
Event: 31.371 loading class java/util/concurrent/ForkJoinTask$RunnableExecuteAction done
Event: 31.371 loading class com/android/builder/internal/compiler/PreDexCache
Event: 31.371 loading class com/android/builder/internal/compiler/PreDexCache done
Event: 31.372 loading class com/android/builder/internal/compiler/PreProcessCache
Event: 31.372 loading class com/android/builder/internal/compiler/PreProcessCache done
Event: 31.373 loading class com/android/builder/internal/compiler/PreProcessCache$BaseItem
Event: 31.373 loading class com/android/builder/internal/compiler/PreProcessCache$BaseItem done


Dynamic libraries:
0x00007ff641030000 - 0x00007ff641061000 	C:\Program Files (x86)\Android\Android Studio\jre\bin\java.exe
0x00007fff97830000 - 0x00007fff97a11000 	C:\WINDOWS\SYSTEM32\ntdll.dll
0x00007fff6f900000 - 0x00007fff6f934000 	C:\Program Files\AVAST Software\Avast\x64\aswhooka.dll
0x00007fff96fc0000 - 0x00007fff97072000 	C:\WINDOWS\System32\KERNEL32.DLL
0x00007fff93c00000 - 0x00007fff93e73000 	C:\WINDOWS\System32\KERNELBASE.dll
0x00007fff94cc0000 - 0x00007fff94d61000 	C:\WINDOWS\System32\ADVAPI32.dll
0x00007fff96940000 - 0x00007fff969de000 	C:\WINDOWS\System32\msvcrt.dll
0x00007fff97180000 - 0x00007fff971db000 	C:\WINDOWS\System32\sechost.dll
0x00007fff96810000 - 0x00007fff96934000 	C:\WINDOWS\System32\RPCRT4.dll
0x00007fff969e0000 - 0x00007fff96b70000 	C:\WINDOWS\System32\USER32.dll
0x00007fff94a50000 - 0x00007fff94a70000 	C:\WINDOWS\System32\win32u.dll
0x00007fff94e10000 - 0x00007fff94e38000 	C:\WINDOWS\System32\GDI32.dll
0x00007fff94ad0000 - 0x00007fff94c62000 	C:\WINDOWS\System32\gdi32full.dll
0x00007fff949b0000 - 0x00007fff94a4f000 	C:\WINDOWS\System32\msvcp_win.dll
0x00007fff941a0000 - 0x00007fff9429a000 	C:\WINDOWS\System32\ucrtbase.dll
0x00007fff7c4a0000 - 0x00007fff7c709000 	C:\WINDOWS\WinSxS\amd64_microsoft.windows.common-controls_6595b64144ccf1df_6.0.17134.285_none_fb4297e330656775\COMCTL32.dll
0x00007fff974d0000 - 0x00007fff977f3000 	C:\WINDOWS\System32\combase.dll
0x00007fff94120000 - 0x00007fff9419a000 	C:\WINDOWS\System32\bcryptPrimitives.dll
0x00007fff97080000 - 0x00007fff970ad000 	C:\WINDOWS\System32\IMM32.DLL
0x000000005c900000 - 0x000000005c9d2000 	C:\Program Files (x86)\Android\Android Studio\jre\jre\bin\msvcr100.dll
0x000000005c9e0000 - 0x000000005d21f000 	C:\Program Files (x86)\Android\Android Studio\jre\jre\bin\server\jvm.dll
0x00007fff97460000 - 0x00007fff97468000 	C:\WINDOWS\System32\PSAPI.DLL
0x00007fff7dc60000 - 0x00007fff7dc69000 	C:\WINDOWS\SYSTEM32\WSOCK32.dll
0x00007fff96290000 - 0x00007fff962fc000 	C:\WINDOWS\System32\WS2_32.dll
0x00007fff8fcd0000 - 0x00007fff8fcf3000 	C:\WINDOWS\SYSTEM32\WINMM.dll
0x00007fff862b0000 - 0x00007fff862ba000 	C:\WINDOWS\SYSTEM32\VERSION.dll
0x00007fff8fca0000 - 0x00007fff8fcca000 	C:\WINDOWS\SYSTEM32\WINMMBASE.dll
0x00007fff94c70000 - 0x00007fff94cb9000 	C:\WINDOWS\System32\cfgmgr32.dll
0x00007fff8e120000 - 0x00007fff8e12f000 	C:\Program Files (x86)\Android\Android Studio\jre\jre\bin\verify.dll
0x00007fff8cea0000 - 0x00007fff8cec9000 	C:\Program Files (x86)\Android\Android Studio\jre\jre\bin\java.dll
0x00007fff8df90000 - 0x00007fff8dfa6000 	C:\Program Files (x86)\Android\Android Studio\jre\jre\bin\zip.dll
0x00007fff94e40000 - 0x00007fff96280000 	C:\WINDOWS\System32\SHELL32.dll
0x00007fff973b0000 - 0x00007fff97459000 	C:\WINDOWS\System32\shcore.dll
0x00007fff942a0000 - 0x00007fff949ad000 	C:\WINDOWS\System32\windows.storage.dll
0x00007fff96300000 - 0x00007fff96351000 	C:\WINDOWS\System32\shlwapi.dll
0x00007fff93b60000 - 0x00007fff93b71000 	C:\WINDOWS\System32\kernel.appcore.dll
0x00007fff93b40000 - 0x00007fff93b5f000 	C:\WINDOWS\System32\profapi.dll
0x00007fff93b90000 - 0x00007fff93bdc000 	C:\WINDOWS\System32\powrprof.dll
0x00007fff93b80000 - 0x00007fff93b8a000 	C:\WINDOWS\System32\FLTLIB.DLL
0x00007fff8ce80000 - 0x00007fff8ce9a000 	C:\Program Files (x86)\Android\Android Studio\jre\jre\bin\net.dll
0x00007fff93360000 - 0x00007fff933c6000 	C:\WINDOWS\system32\mswsock.dll
0x00007fff8ce60000 - 0x00007fff8ce71000 	C:\Program Files (x86)\Android\Android Studio\jre\jre\bin\nio.dll
0x00007fff893d0000 - 0x00007fff893ee000 	C:\Users\HP\.gradle\native\25\windows-amd64\native-platform.dll
0x00007fff8e0e0000 - 0x00007fff8e0ed000 	C:\Program Files (x86)\Android\Android Studio\jre\jre\bin\management.dll
0x00007fff93570000 - 0x00007fff93587000 	C:\WINDOWS\SYSTEM32\CRYPTSP.dll
0x00007fff92f40000 - 0x00007fff92f73000 	C:\WINDOWS\system32\rsaenh.dll
0x00007fff93690000 - 0x00007fff936b5000 	C:\WINDOWS\SYSTEM32\bcrypt.dll
0x00007fff93a40000 - 0x00007fff93a68000 	C:\WINDOWS\SYSTEM32\USERENV.dll
0x00007fff93970000 - 0x00007fff9397b000 	C:\WINDOWS\SYSTEM32\CRYPTBASE.dll
0x00007fff930e0000 - 0x00007fff93118000 	C:\WINDOWS\SYSTEM32\IPHLPAPI.DLL
0x00007fff96280000 - 0x00007fff96288000 	C:\WINDOWS\System32\NSI.dll
0x00007fff8ae50000 - 0x00007fff8ae66000 	C:\WINDOWS\SYSTEM32\dhcpcsvc6.DLL
0x00007fff8b390000 - 0x00007fff8b3aa000 	C:\WINDOWS\SYSTEM32\dhcpcsvc.DLL

VM Arguments:
jvm_args: -Xmx1536m -Dfile.encoding=windows-1252 -Duser.country=US -Duser.language=en -Duser.variant 
java_command: org.gradle.launcher.daemon.bootstrap.GradleDaemon 4.4
java_class_path (initial): C:\Users\HP\.gradle\wrapper\dists\gradle-4.4-all\9br9xq1tocpiv8o6njlyu5op1\gradle-4.4\lib\gradle-launcher-4.4.jar
Launcher Type: SUN_STANDARD

Environment Variables:
PATH=C:\Program Files (x86)\Common Files\Oracle\Java\javapath;C:\Program Files (x86)\Common Files\ArcSoft\Bin;C:\Program Files (x86)\Intel\iCLS Client\;C:\Program Files\Intel\iCLS Client\;C:\WINDOWS\system32;C:\WINDOWS;C:\WINDOWS\System32\Wbem;C:\WINDOWS\System32\WindowsPowerShell\v1.0\;C:\Program Files (x86)\Intel\Intel(R) Management Engine Components\DAL;C:\Program Files\Intel\Intel(R) Management Engine Components\DAL;C:\Program Files (x86)\Intel\Intel(R) Management Engine Components\IPT;C:\Program Files\Intel\Intel(R) Management Engine Components\IPT;c:\Program Files\Intel\WiFi\bin\;c:\Program Files\Common Files\Intel\WirelessCommon\;C:\Program Files (x86)\GtkSharp\2.12\bin;C:\WINDOWS\System32\OpenSSH\;C:\Users\HP\AppData\Local\Android\Sdk;C:\Program Files (x86)\Java\jdk1.6.0_18\bin;%USERPROFILE%\AppData\Local\Microsoft\WindowsApps;
USERNAME=HP
OS=Windows_NT
PROCESSOR_IDENTIFIER=Intel64 Family 6 Model 61 Stepping 4, GenuineIntel



---------------  S Y S T E M  ---------------

OS: Windows 10.0 , 64 bit Build 17134 (10.0.17134.1)

CPU:total 4 (initial active 4) (2 cores per cpu, 2 threads per core) family 6 model 61 stepping 4, cmov, cx8, fxsr, mmx, sse, sse2, sse3, ssse3, sse4.1, sse4.2, popcnt, avx, avx2, aes, clmul, erms, 3dnowpref, lzcnt, ht, tsc, tscinvbit, bmi1, bmi2, adx

Memory: 4k page, physical 4082796k(343108k free), swap 4082796k(5040k free)

vm_info: OpenJDK 64-Bit Server VM (25.152-b02) for windows-amd64 JRE (1.8.0_152-release-1024-b02), built by "builder" with MS VC++ 10.0 (VS2010)

time: Mon Oct 08 15:19:45 2018
elapsed time: 31 seconds (0d 0h 0m 31s)

