#
# There is insufficient memory for the Java Runtime Environment to continue.
# Native memory allocation (malloc) failed to allocate 1117696 bytes for Chunk::new
# Possible reasons:
#   The system is out of physical RAM or swap space
#   In 32 bit mode, the process size limit was hit
# Possible solutions:
#   Reduce memory load on the system
#   Increase physical memory or swap space
#   Check if swap backing store is full
#   Use 64 bit Java on a 64 bit OS
#   Decrease Java heap size (-Xmx/-Xms)
#   Decrease number of Java threads
#   Decrease Java thread stack sizes (-Xss)
#   Set larger code cache with -XX:ReservedCodeCacheSize=
# This output file may be truncated or incomplete.
#
#  Out of Memory Error (allocation.cpp:390), pid=9204, tid=0x00000000000024b4
#
# JRE version: OpenJDK Runtime Environment (8.0_152-b02) (build 1.8.0_152-release-1024-b02)
# Java VM: OpenJDK 64-Bit Server VM (25.152-b02 mixed mode windows-amd64 compressed oops)
# Failed to write core dump. Minidumps are not enabled by default on client versions of Windows
#

---------------  T H R E A D  ---------------

Current thread (0x00000000164da800):  JavaThread "C2 CompilerThread0" daemon [_thread_in_native, id=9396, stack(0x0000000017b50000,0x0000000017c50000)]

Stack: [0x0000000017b50000,0x0000000017c50000]
[error occurred during error reporting (printing stack bounds), id 0xc0000005]

Native frames: (J=compiled Java code, j=interpreted, Vv=VM code, C=native code)


Current CompileTask:
C2:2232851 14525       4       com.sun.beans.TypeResolver::resolve (37 bytes)


---------------  P R O C E S S  ---------------

Java Threads: ( => current thread )
  0x000000001da2f800 JavaThread "Cache worker for Artifact transforms cache (C:\Users\HP\.gradle\caches\transforms-1)" [_thread_blocked, id=4764, stack(0x000000003e960000,0x000000003ea60000)]
  0x000000001da30800 JavaThread "Cache worker for file hash cache (H:\AndroidStudioProjects\QuizQuiz\.gradle\4.4\fileHashes)" [_thread_blocked, id=8204, stack(0x000000003e860000,0x000000003e960000)]
  0x000000001da2f000 JavaThread "Stdin handler" [_thread_blocked, id=9028, stack(0x000000003e760000,0x000000003e860000)]
  0x000000001da35000 JavaThread "Asynchronous log dispatcher for DefaultDaemonConnection: socket connection from /127.0.0.1:2529 to /127.0.0.1:2984" [_thread_blocked, id=9260, stack(0x000000003e660000,0x000000003e760000)]
  0x000000001da34800 JavaThread "Daemon worker Thread 11" [_thread_in_native, id=984, stack(0x000000003e560000,0x000000003e660000)]
  0x000000001da33800 JavaThread "Cancel handler" [_thread_blocked, id=996, stack(0x000000003e460000,0x000000003e560000)]
  0x000000001da36000 JavaThread "Handler for socket connection from /127.0.0.1:2529 to /127.0.0.1:2984" [_thread_in_native, id=6676, stack(0x000000003e360000,0x000000003e460000)]
  0x000000001da33000 JavaThread "Daemon Thread 11" [_thread_blocked, id=9376, stack(0x000000003e260000,0x000000003e360000)]
  0x000000001c323000 JavaThread "Memory manager" [_thread_blocked, id=2992, stack(0x0000000021c60000,0x0000000021d60000)]
  0x000000001c322800 JavaThread "pool-1-thread-1" [_thread_blocked, id=1084, stack(0x0000000021960000,0x0000000021a60000)]
  0x000000001960c000 JavaThread "File lock request listener" [_thread_in_native, id=1096, stack(0x000000001afa0000,0x000000001b0a0000)]
  0x0000000019519000 JavaThread "Cache worker for file hash cache (C:\Users\HP\.gradle\caches\4.4\fileHashes)" [_thread_blocked, id=5560, stack(0x000000001aea0000,0x000000001afa0000)]
  0x0000000019483800 JavaThread "Daemon periodic checks" [_thread_blocked, id=6884, stack(0x000000001a3a0000,0x000000001a4a0000)]
  0x00000000192e6800 JavaThread "Incoming local TCP Connector on port 2529" [_thread_in_native, id=9228, stack(0x000000001a160000,0x000000001a260000)]
  0x000000001653e800 JavaThread "Service Thread" daemon [_thread_blocked, id=9052, stack(0x0000000018250000,0x0000000018350000)]
  0x00000000164f0800 JavaThread "C1 CompilerThread2" daemon [_thread_blocked, id=1924, stack(0x0000000017d50000,0x0000000017e50000)]
  0x00000000164e1800 JavaThread "C2 CompilerThread1" daemon [_thread_in_native, id=4524, stack(0x0000000017c50000,0x0000000017d50000)]
=>0x00000000164da800 JavaThread "C2 CompilerThread0" daemon [_thread_in_native, id=9396, stack(0x0000000017b50000,0x0000000017c50000)]
  0x00000000164d9000 JavaThread "Attach Listener" daemon [_thread_blocked, id=952, stack(0x0000000017a50000,0x0000000017b50000)]
  0x00000000164e7800 JavaThread "Signal Dispatcher" daemon [_thread_blocked, id=9532, stack(0x0000000017950000,0x0000000017a50000)]
  0x0000000002b6c800 JavaThread "Finalizer" daemon [_thread_blocked, id=5172, stack(0x0000000017760000,0x0000000017860000)]
  0x0000000002b61800 JavaThread "Reference Handler" daemon [_thread_blocked, id=3420, stack(0x0000000017660000,0x0000000017760000)]
  0x000000000294e000 JavaThread "main" [_thread_blocked, id=3820, stack(0x0000000002950000,0x0000000002a50000)]

Other Threads:
  0x00000000164a6800 VMThread [stack: 0x0000000017560000,0x0000000017660000] [id=4944]
  0x0000000017e7f000 WatcherThread [stack: 0x0000000018350000,0x0000000018450000] [id=6576]

VM state:not at safepoint (normal execution)

VM Mutex/Monitor currently owned by a thread: None

Heap:
 PSYoungGen      total 140800K, used 95499K [0x00000000e0000000, 0x00000000ea980000, 0x0000000100000000)
  eden space 129024K, 64% used [0x00000000e0000000,0x00000000e51c6f00,0x00000000e7e00000)
  from space 11776K, 99% used [0x00000000e9e00000,0x00000000ea97bde8,0x00000000ea980000)
  to   space 19968K, 0% used [0x00000000e8280000,0x00000000e8280000,0x00000000e9600000)
 ParOldGen       total 89600K, used 39588K [0x00000000a0000000, 0x00000000a5780000, 0x00000000e0000000)
  object space 89600K, 44% used [0x00000000a0000000,0x00000000a26a91a8,0x00000000a5780000)
 Metaspace       used 70216K, capacity 73920K, committed 74200K, reserved 1114112K
  class space    used 9119K, capacity 9880K, committed 9984K, reserved 1048576K

Card table byte_map: [0x0000000011f30000,0x0000000012240000] byte_map_base: 0x0000000011a30000

Marking Bits: (ParMarkBitMap*) 0x000000006eec4970
 Begin Bits: [0x0000000012840000, 0x0000000014040000)
 End Bits:   [0x0000000014040000, 0x0000000015840000)

Polling page: 0x0000000000df0000

CodeCache: size=245760Kb used=39941Kb max_used=39941Kb free=205818Kb
 bounds [0x0000000002b70000, 0x00000000052b0000, 0x0000000011b70000]
 total_blobs=12389 nmethods=11573 adapters=728
 compilation: enabled

Compilation events (10 events):
Event: 2232.486 Thread 0x00000000164f0800 14534       3       org.codehaus.groovy.util.FastArray::get (7 bytes)
Event: 2232.486 Thread 0x00000000164f0800 nmethod 14534 0x0000000005296e10 code [0x0000000005296f60, 0x00000000052970d0]
Event: 2232.493 Thread 0x00000000164f0800 14535       3       java.beans.Introspector::addPropertyDescriptor (265 bytes)
Event: 2232.499 Thread 0x00000000164f0800 nmethod 14535 0x000000000529e210 code [0x000000000529e700, 0x00000000052a20d8]
Event: 2232.499 Thread 0x00000000164f0800 14536       3       groovy.lang.MetaClassImpl::applyStrayPropertyMethods (293 bytes)
Event: 2232.503 Thread 0x00000000164f0800 nmethod 14536 0x00000000052a4250 code [0x00000000052a46e0, 0x00000000052a7958]
Event: 2232.621 Thread 0x00000000164f0800 14537       3       groovyjarjarasm.asm.Type::getArgumentsAndReturnSizes (151 bytes)
Event: 2232.623 Thread 0x00000000164f0800 nmethod 14537 0x00000000052a9990 code [0x00000000052a9bc0, 0x00000000052aaa78]
Event: 2232.649 Thread 0x00000000164f0800 14538       3       java.io.File::listRoots (7 bytes)
Event: 2232.649 Thread 0x00000000164f0800 nmethod 14538 0x0000000005296a90 code [0x0000000005296c00, 0x0000000005296d68]

GC Heap History (10 events):
Event: 540.686 GC heap before
{Heap before GC invocations=23 (full 3):
 PSYoungGen      total 166400K, used 166355K [0x00000000e0000000, 0x00000000ec000000, 0x0000000100000000)
  eden space 154112K, 100% used [0x00000000e0000000,0x00000000e9680000,0x00000000e9680000)
  from space 12288K, 99% used [0x00000000ea600000,0x00000000eb1f4e38,0x00000000eb200000)
  to   space 14336K, 0% used [0x00000000eb200000,0x00000000eb200000,0x00000000ec000000)
 ParOldGen       total 89600K, used 33883K [0x00000000a0000000, 0x00000000a5780000, 0x00000000e0000000)
  object space 89600K, 37% used [0x00000000a0000000,0x00000000a2116f48,0x00000000a5780000)
 Metaspace       used 68192K, capacity 71046K, committed 71128K, reserved 1112064K
  class space    used 8850K, capacity 9462K, committed 9472K, reserved 1048576K
Event: 540.749 GC heap after
Heap after GC invocations=23 (full 3):
 PSYoungGen      total 160256K, used 11666K [0x00000000e0000000, 0x00000000ebd80000, 0x0000000100000000)
  eden space 148480K, 0% used [0x00000000e0000000,0x00000000e0000000,0x00000000e9100000)
  from space 11776K, 99% used [0x00000000eb200000,0x00000000ebd649e0,0x00000000ebd80000)
  to   space 16384K, 0% used [0x00000000e9d80000,0x00000000e9d80000,0x00000000ead80000)
 ParOldGen       total 89600K, used 33891K [0x00000000a0000000, 0x00000000a5780000, 0x00000000e0000000)
  object space 89600K, 37% used [0x00000000a0000000,0x00000000a2118f48,0x00000000a5780000)
 Metaspace       used 68192K, capacity 71046K, committed 71128K, reserved 1112064K
  class space    used 8850K, capacity 9462K, committed 9472K, reserved 1048576K
}
Event: 650.232 GC heap before
{Heap before GC invocations=24 (full 3):
 PSYoungGen      total 160256K, used 160146K [0x00000000e0000000, 0x00000000ebd80000, 0x0000000100000000)
  eden space 148480K, 100% used [0x00000000e0000000,0x00000000e9100000,0x00000000e9100000)
  from space 11776K, 99% used [0x00000000eb200000,0x00000000ebd649e0,0x00000000ebd80000)
  to   space 16384K, 0% used [0x00000000e9d80000,0x00000000e9d80000,0x00000000ead80000)
 ParOldGen       total 89600K, used 33891K [0x00000000a0000000, 0x00000000a5780000, 0x00000000e0000000)
  object space 89600K, 37% used [0x00000000a0000000,0x00000000a2118f48,0x00000000a5780000)
 Metaspace       used 68332K, capacity 71078K, committed 71128K, reserved 1112064K
  class space    used 8853K, capacity 9466K, committed 9472K, reserved 1048576K
Event: 650.252 GC heap after
Heap after GC invocations=24 (full 3):
 PSYoungGen      total 155136K, used 11762K [0x00000000e0000000, 0x00000000eb280000, 0x0000000100000000)
  eden space 143360K, 0% used [0x00000000e0000000,0x00000000e0000000,0x00000000e8c00000)
  from space 11776K, 99% used [0x00000000e9d80000,0x00000000ea8fca00,0x00000000ea900000)
  to   space 9728K, 0% used [0x00000000ea900000,0x00000000ea900000,0x00000000eb280000)
 ParOldGen       total 89600K, used 33899K [0x00000000a0000000, 0x00000000a5780000, 0x00000000e0000000)
  object space 89600K, 37% used [0x00000000a0000000,0x00000000a211af48,0x00000000a5780000)
 Metaspace       used 68332K, capacity 71078K, committed 71128K, reserved 1112064K
  class space    used 8853K, capacity 9466K, committed 9472K, reserved 1048576K
}
Event: 758.124 GC heap before
{Heap before GC invocations=25 (full 3):
 PSYoungGen      total 155136K, used 155122K [0x00000000e0000000, 0x00000000eb280000, 0x0000000100000000)
  eden space 143360K, 100% used [0x00000000e0000000,0x00000000e8c00000,0x00000000e8c00000)
  from space 11776K, 99% used [0x00000000e9d80000,0x00000000ea8fca00,0x00000000ea900000)
  to   space 9728K, 0% used [0x00000000ea900000,0x00000000ea900000,0x00000000eb280000)
 ParOldGen       total 89600K, used 33899K [0x00000000a0000000, 0x00000000a5780000, 0x00000000e0000000)
  object space 89600K, 37% used [0x00000000a0000000,0x00000000a211af48,0x00000000a5780000)
 Metaspace       used 68906K, capacity 72216K, committed 72408K, reserved 1112064K
  class space    used 8938K, capacity 9623K, committed 9728K, reserved 1048576K
Event: 758.142 GC heap after
Heap after GC invocations=25 (full 3):
 PSYoungGen      total 147968K, used 9727K [0x00000000e0000000, 0x00000000eb280000, 0x0000000100000000)
  eden space 138240K, 0% used [0x00000000e0000000,0x00000000e0000000,0x00000000e8700000)
  from space 9728K, 99% used [0x00000000ea900000,0x00000000eb27fdd8,0x00000000eb280000)
  to   space 17408K, 0% used [0x00000000e9080000,0x00000000e9080000,0x00000000ea180000)
 ParOldGen       total 89600K, used 35947K [0x00000000a0000000, 0x00000000a5780000, 0x00000000e0000000)
  object space 89600K, 40% used [0x00000000a0000000,0x00000000a231aec8,0x00000000a5780000)
 Metaspace       used 68906K, capacity 72216K, committed 72408K, reserved 1112064K
  class space    used 8938K, capacity 9623K, committed 9728K, reserved 1048576K
}
Event: 914.194 GC heap before
{Heap before GC invocations=26 (full 3):
 PSYoungGen      total 147968K, used 147967K [0x00000000e0000000, 0x00000000eb280000, 0x0000000100000000)
  eden space 138240K, 100% used [0x00000000e0000000,0x00000000e8700000,0x00000000e8700000)
  from space 9728K, 99% used [0x00000000ea900000,0x00000000eb27fdd8,0x00000000eb280000)
  to   space 17408K, 0% used [0x00000000e9080000,0x00000000e9080000,0x00000000ea180000)
 ParOldGen       total 89600K, used 35947K [0x00000000a0000000, 0x00000000a5780000, 0x00000000e0000000)
  object space 89600K, 40% used [0x00000000a0000000,0x00000000a231aec8,0x00000000a5780000)
 Metaspace       used 69162K, capacity 72626K, committed 72920K, reserved 1112064K
  class space    used 8964K, capacity 9668K, committed 9728K, reserved 1048576K
Event: 914.250 GC heap after
Heap after GC invocations=26 (full 3):
 PSYoungGen      total 147456K, used 13452K [0x00000000e0000000, 0x00000000ea980000, 0x0000000100000000)
  eden space 133632K, 0% used [0x00000000e0000000,0x00000000e0000000,0x00000000e8280000)
  from space 13824K, 97% used [0x00000000e9080000,0x00000000e9da33e8,0x00000000e9e00000)
  to   space 11776K, 0% used [0x00000000e9e00000,0x00000000e9e00000,0x00000000ea980000)
 ParOldGen       total 89600K, used 35955K [0x00000000a0000000, 0x00000000a5780000, 0x00000000e0000000)
  object space 89600K, 40% used [0x00000000a0000000,0x00000000a231cec8,0x00000000a5780000)
 Metaspace       used 69162K, capacity 72626K, committed 72920K, reserved 1112064K
  class space    used 8964K, capacity 9668K, committed 9728K, reserved 1048576K
}
Event: 1339.855 GC heap before
{Heap before GC invocations=27 (full 3):
 PSYoungGen      total 147456K, used 147084K [0x00000000e0000000, 0x00000000ea980000, 0x0000000100000000)
  eden space 133632K, 100% used [0x00000000e0000000,0x00000000e8280000,0x00000000e8280000)
  from space 13824K, 97% used [0x00000000e9080000,0x00000000e9da33e8,0x00000000e9e00000)
  to   space 11776K, 0% used [0x00000000e9e00000,0x00000000e9e00000,0x00000000ea980000)
 ParOldGen       total 89600K, used 35955K [0x00000000a0000000, 0x00000000a5780000, 0x00000000e0000000)
  object space 89600K, 40% used [0x00000000a0000000,0x00000000a231cec8,0x00000000a5780000)
 Metaspace       used 69324K, capacity 72822K, committed 72920K, reserved 1112064K
  class space    used 8964K, capacity 9668K, committed 9728K, reserved 1048576K
Event: 1339.881 GC heap after
Heap after GC invocations=27 (full 3):
 PSYoungGen      total 140800K, used 11759K [0x00000000e0000000, 0x00000000ea980000, 0x0000000100000000)
  eden space 129024K, 0% used [0x00000000e0000000,0x00000000e0000000,0x00000000e7e00000)
  from space 11776K, 99% used [0x00000000e9e00000,0x00000000ea97bde8,0x00000000ea980000)
  to   space 19968K, 0% used [0x00000000e8280000,0x00000000e8280000,0x00000000e9600000)
 ParOldGen       total 89600K, used 39588K [0x00000000a0000000, 0x00000000a5780000, 0x00000000e0000000)
  object space 89600K, 44% used [0x00000000a0000000,0x00000000a26a91a8,0x00000000a5780000)
 Metaspace       used 69324K, capacity 72822K, committed 72920K, reserved 1112064K
  class space    used 8964K, capacity 9668K, committed 9728K, reserved 1048576K
}

Deoptimization events (10 events):
Event: 2230.967 Thread 0x000000001da34800 Uncommon trap: reason=unstable_if action=reinterpret pc=0x0000000003b33b7c method=java.lang.CharacterDataLatin1.isJavaIdentifierPart(I)Z @ 11
Event: 2231.372 Thread 0x000000001da34800 Uncommon trap: reason=array_check action=maybe_recompile pc=0x0000000005261498 method=java.util.ComparableTimSort.binarySort([Ljava/lang/Object;III)V @ 193
Event: 2231.377 Thread 0x000000001da34800 Uncommon trap: reason=array_check action=maybe_recompile pc=0x0000000005261498 method=java.util.ComparableTimSort.binarySort([Ljava/lang/Object;III)V @ 193
Event: 2231.391 Thread 0x000000001da34800 Uncommon trap: reason=array_check action=maybe_recompile pc=0x0000000005261498 method=java.util.ComparableTimSort.binarySort([Ljava/lang/Object;III)V @ 193
Event: 2231.440 Thread 0x000000001da34800 Uncommon trap: reason=array_check action=maybe_recompile pc=0x0000000005261498 method=java.util.ComparableTimSort.binarySort([Ljava/lang/Object;III)V @ 193
Event: 2231.636 Thread 0x000000001da34800 Uncommon trap: reason=bimorphic action=maybe_recompile pc=0x00000000030e19b8 method=org.codehaus.groovy.runtime.metaclass.MetaMethodIndex.addMethodToList(Ljava/lang/Object;Lgroovy/lang/MetaMethod;)Ljava/lang/Object; @ 96
Event: 2232.452 Thread 0x000000001da34800 Uncommon trap: reason=array_check action=maybe_recompile pc=0x0000000005294338 method=java.util.ComparableTimSort.binarySort([Ljava/lang/Object;III)V @ 183
Event: 2232.452 Thread 0x000000001da34800 Uncommon trap: reason=array_check action=maybe_recompile pc=0x00000000052941ec method=java.util.ComparableTimSort.binarySort([Ljava/lang/Object;III)V @ 215
Event: 2232.483 Thread 0x000000001da34800 Uncommon trap: reason=array_check action=maybe_recompile pc=0x00000000052941ec method=java.util.ComparableTimSort.binarySort([Ljava/lang/Object;III)V @ 215
Event: 2232.492 Thread 0x000000001da34800 Uncommon trap: reason=unstable_if action=reinterpret pc=0x0000000003b7ff48 method=java.util.WeakHashMap.get(Ljava/lang/Object;)Ljava/lang/Object; @ 56

Classes redefined (0 events):
No events

Internal exceptions (10 events):
Event: 2232.453 Thread 0x000000001da34800 Exception <a 'java/lang/ClassNotFoundException': org/codehaus/groovy/reflection/CachedFieldBeanInfo> (0x00000000e503d9f8) thrown at [D:\src\AOSP-openjdk-cygwin\jdk8u\hotspot\src\share\vm\classfile\systemDictionary.cpp, line 210]
Event: 2232.454 Thread 0x000000001da34800 Exception <a 'java/lang/ClassNotFoundException': groovy/lang/MetaPropertyBeanInfo> (0x00000000e504d500) thrown at [D:\src\AOSP-openjdk-cygwin\jdk8u\hotspot\src\share\vm\classfile\systemDictionary.cpp, line 210]
Event: 2232.455 Thread 0x000000001da34800 Exception <a 'java/lang/ClassNotFoundException': groovy/lang/MetaPropertyCustomizer> (0x00000000e505cfd8) thrown at [D:\src\AOSP-openjdk-cygwin\jdk8u\hotspot\src\share\vm\classfile\systemDictionary.cpp, line 210]
Event: 2232.456 Thread 0x000000001da34800 Exception <a 'java/lang/ClassNotFoundException': org/codehaus/groovy/reflection/CachedFieldCustomizer> (0x00000000e5076210) thrown at [D:\src\AOSP-openjdk-cygwin\jdk8u\hotspot\src\share\vm\classfile\systemDictionary.cpp, line 210]
Event: 2232.488 Thread 0x000000001da34800 Exception <a 'java/lang/ClassNotFoundException': java/util/ArrayListBeanInfo> (0x00000000e50cd870) thrown at [D:\src\AOSP-openjdk-cygwin\jdk8u\hotspot\src\share\vm\classfile\systemDictionary.cpp, line 210]
Event: 2232.488 Thread 0x000000001da34800 Exception <a 'java/lang/ClassNotFoundException': java/util/AbstractListBeanInfo> (0x00000000e50d58b8) thrown at [D:\src\AOSP-openjdk-cygwin\jdk8u\hotspot\src\share\vm\classfile\systemDictionary.cpp, line 210]
Event: 2232.489 Thread 0x000000001da34800 Exception <a 'java/lang/ClassNotFoundException': java/util/AbstractListCustomizer> (0x00000000e50ddcf8) thrown at [D:\src\AOSP-openjdk-cygwin\jdk8u\hotspot\src\share\vm\classfile\systemDictionary.cpp, line 210]
Event: 2232.491 Thread 0x000000001da34800 Exception <a 'java/lang/ClassNotFoundException': java/util/ArrayListCustomizer> (0x00000000e50f2bb0) thrown at [D:\src\AOSP-openjdk-cygwin\jdk8u\hotspot\src\share\vm\classfile\systemDictionary.cpp, line 210]
Event: 2232.528 Thread 0x000000001da34800 Exception <a 'java/lang/ClassNotFoundException': java/util/CollectionBeanInfo> (0x00000000e5132410) thrown at [D:\src\AOSP-openjdk-cygwin\jdk8u\hotspot\src\share\vm\classfile\systemDictionary.cpp, line 210]
Event: 2232.532 Thread 0x000000001da34800 Exception <a 'java/lang/ClassNotFoundException': java/util/CollectionCustomizer> (0x00000000e513a3a8) thrown at [D:\src\AOSP-openjdk-cygwin\jdk8u\hotspot\src\share\vm\classfile\systemDictionary.cpp, line 210]

Events (10 events):
Event: 2232.533 loading class JetGradlePlugin$_apply_closure3$_closure6$_closure7
Event: 2232.533 loading class JetGradlePlugin$_apply_closure3$_closure6$_closure7 done
Event: 2232.566 loading class groovy/runtime/metaclass/JetGradlePlugin$_apply_closure3$_closure6$_closure7MetaClass
Event: 2232.566 loading class groovy/runtime/metaclass/JetGradlePlugin$_apply_closure3$_closure6$_closure7MetaClass done
Event: 2232.567 loading class org/codehaus/groovy/runtime/dgm$191
Event: 2232.567 loading class org/codehaus/groovy/runtime/dgm$191 done
Event: 2232.582 loading class org/codehaus/groovy/runtime/dgm$194
Event: 2232.582 loading class org/codehaus/groovy/runtime/dgm$194 done
Event: 2232.585 loading class org/codehaus/groovy/runtime/callsite/BooleanReturningMethodInvoker
Event: 2232.585 loading class org/codehaus/groovy/runtime/callsite/BooleanReturningMethodInvoker done


Dynamic libraries:
0x00007ff685e90000 - 0x00007ff685ec1000 	C:\Program Files (x86)\Android\Android Studio\jre\bin\java.exe
0x00007fff1eaf0000 - 0x00007fff1ecd1000 	C:\WINDOWS\SYSTEM32\ntdll.dll
0x00007ffee7b10000 - 0x00007ffee7b44000 	C:\Program Files\AVAST Software\Avast\x64\aswhooka.dll
0x00007fff1bfb0000 - 0x00007fff1c062000 	C:\WINDOWS\System32\KERNEL32.DLL
0x00007fff1b4f0000 - 0x00007fff1b763000 	C:\WINDOWS\System32\KERNELBASE.dll
0x00007fff1c620000 - 0x00007fff1c6c1000 	C:\WINDOWS\System32\ADVAPI32.dll
0x00007fff1d0e0000 - 0x00007fff1d17e000 	C:\WINDOWS\System32\msvcrt.dll
0x00007fff1c6e0000 - 0x00007fff1c73b000 	C:\WINDOWS\System32\sechost.dll
0x00007fff1e990000 - 0x00007fff1eab4000 	C:\WINDOWS\System32\RPCRT4.dll
0x00007fff1c070000 - 0x00007fff1c200000 	C:\WINDOWS\System32\USER32.dll
0x00007fff1b160000 - 0x00007fff1b180000 	C:\WINDOWS\System32\win32u.dll
0x00007fff1cf60000 - 0x00007fff1cf88000 	C:\WINDOWS\System32\GDI32.dll
0x00007fff1aec0000 - 0x00007fff1b052000 	C:\WINDOWS\System32\gdi32full.dll
0x00007fff1b370000 - 0x00007fff1b40f000 	C:\WINDOWS\System32\msvcp_win.dll
0x00007fff1be80000 - 0x00007fff1bf7a000 	C:\WINDOWS\System32\ucrtbase.dll
0x00007fff04bb0000 - 0x00007fff04e19000 	C:\WINDOWS\WinSxS\amd64_microsoft.windows.common-controls_6595b64144ccf1df_6.0.17134.285_none_fb4297e330656775\COMCTL32.dll
0x00007fff1c2f0000 - 0x00007fff1c613000 	C:\WINDOWS\System32\combase.dll
0x00007fff1b470000 - 0x00007fff1b4ea000 	C:\WINDOWS\System32\bcryptPrimitives.dll
0x00007fff1bf80000 - 0x00007fff1bfad000 	C:\WINDOWS\System32\IMM32.DLL
0x000000006e540000 - 0x000000006e612000 	C:\Program Files (x86)\Android\Android Studio\jre\jre\bin\msvcr100.dll
0x000000006e700000 - 0x000000006ef3f000 	C:\Program Files (x86)\Android\Android Studio\jre\jre\bin\server\jvm.dll
0x00007fff1d0d0000 - 0x00007fff1d0d8000 	C:\WINDOWS\System32\PSAPI.DLL
0x00007fff07560000 - 0x00007fff07569000 	C:\WINDOWS\SYSTEM32\WSOCK32.dll
0x00007fff1cf90000 - 0x00007fff1cffc000 	C:\WINDOWS\System32\WS2_32.dll
0x00007fff164f0000 - 0x00007fff16513000 	C:\WINDOWS\SYSTEM32\WINMM.dll
0x00007fff101d0000 - 0x00007fff101da000 	C:\WINDOWS\SYSTEM32\VERSION.dll
0x00007fff15cb0000 - 0x00007fff15cda000 	C:\WINDOWS\SYSTEM32\WINMMBASE.dll
0x00007fff1b110000 - 0x00007fff1b159000 	C:\WINDOWS\System32\cfgmgr32.dll
0x00007fff16850000 - 0x00007fff1685f000 	C:\Program Files (x86)\Android\Android Studio\jre\jre\bin\verify.dll
0x00007fff15bc0000 - 0x00007fff15be9000 	C:\Program Files (x86)\Android\Android Studio\jre\jre\bin\java.dll
0x00007fff159e0000 - 0x00007fff159f6000 	C:\Program Files (x86)\Android\Android Studio\jre\jre\bin\zip.dll
0x00007fff1d490000 - 0x00007fff1e8d0000 	C:\WINDOWS\System32\SHELL32.dll
0x00007fff1c740000 - 0x00007fff1c7e9000 	C:\WINDOWS\System32\shcore.dll
0x00007fff1b770000 - 0x00007fff1be7d000 	C:\WINDOWS\System32\windows.storage.dll
0x00007fff1c910000 - 0x00007fff1c961000 	C:\WINDOWS\System32\shlwapi.dll
0x00007fff1aea0000 - 0x00007fff1aeb1000 	C:\WINDOWS\System32\kernel.appcore.dll
0x00007fff1ae20000 - 0x00007fff1ae3f000 	C:\WINDOWS\System32\profapi.dll
0x00007fff1ae40000 - 0x00007fff1ae8c000 	C:\WINDOWS\System32\powrprof.dll
0x00007fff1ae90000 - 0x00007fff1ae9a000 	C:\WINDOWS\System32\FLTLIB.DLL
0x00007fff14da0000 - 0x00007fff14dba000 	C:\Program Files (x86)\Android\Android Studio\jre\jre\bin\net.dll
0x00007fff1a680000 - 0x00007fff1a6e6000 	C:\WINDOWS\system32\mswsock.dll
0x00007fff14d20000 - 0x00007fff14d31000 	C:\Program Files (x86)\Android\Android Studio\jre\jre\bin\nio.dll
0x00007fff15770000 - 0x00007fff1578e000 	C:\Users\HP\.gradle\native\25\windows-amd64\native-platform.dll
0x00007fff16820000 - 0x00007fff1682d000 	C:\Program Files (x86)\Android\Android Studio\jre\jre\bin\management.dll
0x00007fff1a830000 - 0x00007fff1a847000 	C:\WINDOWS\SYSTEM32\CRYPTSP.dll
0x00007fff1a200000 - 0x00007fff1a233000 	C:\WINDOWS\system32\rsaenh.dll
0x00007fff1a960000 - 0x00007fff1a985000 	C:\WINDOWS\SYSTEM32\bcrypt.dll
0x00007fff1ad00000 - 0x00007fff1ad28000 	C:\WINDOWS\SYSTEM32\USERENV.dll
0x00007fff1a850000 - 0x00007fff1a85b000 	C:\WINDOWS\SYSTEM32\CRYPTBASE.dll
0x00007fff1a400000 - 0x00007fff1a438000 	C:\WINDOWS\SYSTEM32\IPHLPAPI.DLL
0x00007fff1d180000 - 0x00007fff1d188000 	C:\WINDOWS\System32\NSI.dll
0x00007fff12b20000 - 0x00007fff12b36000 	C:\WINDOWS\SYSTEM32\dhcpcsvc6.DLL
0x00007fff12db0000 - 0x00007fff12dca000 	C:\WINDOWS\SYSTEM32\dhcpcsvc.DLL

VM Arguments:
jvm_args: -Xmx1536m -Dfile.encoding=windows-1252 -Duser.country=US -Duser.language=en -Duser.variant 
java_command: org.gradle.launcher.daemon.bootstrap.GradleDaemon 4.4
java_class_path (initial): C:\Users\HP\.gradle\wrapper\dists\gradle-4.4-all\9br9xq1tocpiv8o6njlyu5op1\gradle-4.4\lib\gradle-launcher-4.4.jar
Launcher Type: SUN_STANDARD

Environment Variables:
PATH=C:\Program Files (x86)\Common Files\Oracle\Java\javapath;C:\Program Files (x86)\Common Files\ArcSoft\Bin;C:\Program Files (x86)\Intel\iCLS Client\;C:\Program Files\Intel\iCLS Client\;C:\WINDOWS\system32;C:\WINDOWS;C:\WINDOWS\System32\Wbem;C:\WINDOWS\System32\WindowsPowerShell\v1.0\;C:\Program Files (x86)\Intel\Intel(R) Management Engine Components\DAL;C:\Program Files\Intel\Intel(R) Management Engine Components\DAL;C:\Program Files (x86)\Intel\Intel(R) Management Engine Components\IPT;C:\Program Files\Intel\Intel(R) Management Engine Components\IPT;c:\Program Files\Intel\WiFi\bin\;c:\Program Files\Common Files\Intel\WirelessCommon\;C:\Program Files (x86)\GtkSharp\2.12\bin;C:\WINDOWS\System32\OpenSSH\;C:\Users\HP\AppData\Local\Android\Sdk;C:\Program Files (x86)\Java\jdk1.6.0_18\bin;%USERPROFILE%\AppData\Local\Microsoft\WindowsApps;
USERNAME=HP
OS=Windows_NT
PROCESSOR_IDENTIFIER=Intel64 Family 6 Model 61 Stepping 4, GenuineIntel



---------------  S Y S T E M  ---------------

OS: Windows 10.0 , 64 bit Build 17134 (10.0.17134.1)

CPU:total 4 (initial active 4) (2 cores per cpu, 2 threads per core) family 6 model 61 stepping 4, cmov, cx8, fxsr, mmx, sse, sse2, sse3, ssse3, sse4.1, sse4.2, popcnt, avx, avx2, aes, clmul, erms, 3dnowpref, lzcnt, ht, tsc, tscinvbit, bmi1, bmi2, adx

Memory: 4k page, physical 4082796k(381504k free), swap 4082796k(5848k free)

vm_info: OpenJDK 64-Bit Server VM (25.152-b02) for windows-amd64 JRE (1.8.0_152-release-1024-b02), built by "builder" with MS VC++ 10.0 (VS2010)

time: Thu Oct 11 13:24:23 2018
elapsed time: 2232 seconds (0d 0h 37m 12s)

