#
# There is insufficient memory for the Java Runtime Environment to continue.
# Native memory allocation (malloc) failed to allocate 1069616 bytes for Chunk::new
# Possible reasons:
#   The system is out of physical RAM or swap space
#   In 32 bit mode, the process size limit was hit
# Possible solutions:
#   Reduce memory load on the system
#   Increase physical memory or swap space
#   Check if swap backing store is full
#   Use 64 bit Java on a 64 bit OS
#   Decrease Java heap size (-Xmx/-Xms)
#   Decrease number of Java threads
#   Decrease Java thread stack sizes (-Xss)
#   Set larger code cache with -XX:ReservedCodeCacheSize=
# This output file may be truncated or incomplete.
#
#  Out of Memory Error (allocation.cpp:390), pid=4676, tid=0x0000000000001cb4
#
# JRE version: OpenJDK Runtime Environment (8.0_152-b02) (build 1.8.0_152-release-1024-b02)
# Java VM: OpenJDK 64-Bit Server VM (25.152-b02 mixed mode windows-amd64 compressed oops)
# Failed to write core dump. Minidumps are not enabled by default on client versions of Windows
#

---------------  T H R E A D  ---------------

Current thread (0x0000000016162800):  JavaThread "C2 CompilerThread1" daemon [_thread_in_native, id=7348, stack(0x00000000178c0000,0x00000000179c0000)]

Stack: [0x00000000178c0000,0x00000000179c0000]
[error occurred during error reporting (printing stack bounds), id 0xc0000005]

Native frames: (J=compiled Java code, j=interpreted, Vv=VM code, C=native code)


Current CompileTask:
C2:3460238 17469   !   4       org.gradle.internal.service.DefaultServiceRegistry::doGet (102 bytes)


---------------  P R O C E S S  ---------------

Java Threads: ( => current thread )
  0x000000001b085000 JavaThread "build operations Thread 4" [_thread_blocked, id=7708, stack(0x000000002b7d0000,0x000000002b8d0000)]
  0x000000001b07a800 JavaThread "build operations Thread 3" [_thread_blocked, id=4576, stack(0x000000002b6d0000,0x000000002b7d0000)]
  0x000000001b080800 JavaThread "build operations Thread 2" [_thread_blocked, id=3012, stack(0x000000002b5d0000,0x000000002b6d0000)]
  0x000000001b080000 JavaThread "build operations" [_thread_blocked, id=5468, stack(0x000000002b4d0000,0x000000002b5d0000)]
  0x000000001b07c000 JavaThread "Cache worker for Artifact transforms cache (C:\Users\HP\.gradle\caches\transforms-1)" [_thread_blocked, id=10932, stack(0x000000002b3d0000,0x000000002b4d0000)]
  0x000000001b07d000 JavaThread "Cache worker for file hash cache (H:\AndroidStudioProjects\QuizQuiz\.gradle\4.4\fileHashes)" [_thread_blocked, id=9300, stack(0x000000002b2d0000,0x000000002b3d0000)]
  0x000000001b081800 JavaThread "Stdin handler" [_thread_blocked, id=4720, stack(0x000000002b1d0000,0x000000002b2d0000)]
  0x000000001b07a000 JavaThread "Asynchronous log dispatcher for DefaultDaemonConnection: socket connection from /127.0.0.1:7179 to /127.0.0.1:7455" [_thread_blocked, id=2596, stack(0x000000002b0d0000,0x000000002b1d0000)]
  0x000000001b079000 JavaThread "Daemon worker Thread 4" [_thread_in_native, id=11644, stack(0x000000002afd0000,0x000000002b0d0000)]
  0x000000001b07d800 JavaThread "Cancel handler" [_thread_blocked, id=11420, stack(0x000000002aed0000,0x000000002afd0000)]
  0x000000001b07b800 JavaThread "Handler for socket connection from /127.0.0.1:7179 to /127.0.0.1:7455" [_thread_in_native, id=8804, stack(0x000000002add0000,0x000000002aed0000)]
  0x000000001b078800 JavaThread "Daemon Thread 4" [_thread_blocked, id=7028, stack(0x000000002acd0000,0x000000002add0000)]
  0x000000001b07e800 JavaThread "Java2D Disposer" daemon [_thread_blocked, id=3100, stack(0x00000000249d0000,0x0000000024ad0000)]
  0x0000000019802800 JavaThread "Memory manager" [_thread_blocked, id=12732, stack(0x0000000020920000,0x0000000020a20000)]
  0x0000000019803800 JavaThread "pool-1-thread-1" [_thread_blocked, id=12372, stack(0x0000000020620000,0x0000000020720000)]
  0x0000000019583000 JavaThread "File lock request listener" [_thread_in_native, id=6312, stack(0x000000001ac10000,0x000000001ad10000)]
  0x00000000193c4800 JavaThread "Cache worker for file hash cache (C:\Users\HP\.gradle\caches\4.4\fileHashes)" [_thread_blocked, id=8812, stack(0x000000001ab10000,0x000000001ac10000)]
  0x000000001912c800 JavaThread "Daemon periodic checks" [_thread_blocked, id=10648, stack(0x000000001a010000,0x000000001a110000)]
  0x000000001912b800 JavaThread "Incoming local TCP Connector on port 7179" [_thread_in_native, id=7008, stack(0x0000000019dd0000,0x0000000019ed0000)]
  0x0000000017ae8800 JavaThread "Service Thread" daemon [_thread_blocked, id=3856, stack(0x0000000017ec0000,0x0000000017fc0000)]
  0x000000001616b000 JavaThread "C1 CompilerThread2" daemon [_thread_blocked, id=9200, stack(0x00000000179c0000,0x0000000017ac0000)]
=>0x0000000016162800 JavaThread "C2 CompilerThread1" daemon [_thread_in_native, id=7348, stack(0x00000000178c0000,0x00000000179c0000)]
  0x000000001615c800 JavaThread "C2 CompilerThread0" daemon [_thread_in_native, id=8160, stack(0x00000000177c0000,0x00000000178c0000)]
  0x000000001615b000 JavaThread "Attach Listener" daemon [_thread_blocked, id=6868, stack(0x00000000176c0000,0x00000000177c0000)]
  0x0000000016159800 JavaThread "Signal Dispatcher" daemon [_thread_blocked, id=11912, stack(0x00000000175c0000,0x00000000176c0000)]
  0x000000001614e000 JavaThread "Finalizer" daemon [_thread_blocked, id=11936, stack(0x00000000173d0000,0x00000000174d0000)]
  0x00000000027e2800 JavaThread "Reference Handler" daemon [_thread_blocked, id=12720, stack(0x00000000172d0000,0x00000000173d0000)]
  0x00000000026ed800 JavaThread "main" [_thread_blocked, id=10788, stack(0x0000000002560000,0x0000000002660000)]

Other Threads:
  0x0000000016126800 VMThread [stack: 0x00000000171d0000,0x00000000172d0000] [id=4100]
  0x00000000161be800 WatcherThread [stack: 0x0000000017fc0000,0x00000000180c0000] [id=10532]

VM state:not at safepoint (normal execution)

VM Mutex/Monitor currently owned by a thread: None

Heap:
 PSYoungGen      total 224256K, used 5909K [0x00000000e0000000, 0x00000000f0080000, 0x0000000100000000)
  eden space 219648K, 0% used [0x00000000e0000000,0x00000000e01516b8,0x00000000ed680000)
  from space 4608K, 98% used [0x00000000ee080000,0x00000000ee4f4040,0x00000000ee500000)
  to   space 21504K, 0% used [0x00000000eeb80000,0x00000000eeb80000,0x00000000f0080000)
 ParOldGen       total 96768K, used 64301K [0x00000000a0000000, 0x00000000a5e80000, 0x00000000e0000000)
  object space 96768K, 66% used [0x00000000a0000000,0x00000000a3ecb460,0x00000000a5e80000)
 Metaspace       used 84533K, capacity 88944K, committed 88960K, reserved 1126400K
  class space    used 10960K, capacity 11901K, committed 11904K, reserved 1048576K

Card table byte_map: [0x0000000011bb0000,0x0000000011ec0000] byte_map_base: 0x00000000116b0000

Marking Bits: (ParMarkBitMap*) 0x000000005d1a4970
 Begin Bits: [0x00000000124c0000, 0x0000000013cc0000)
 End Bits:   [0x0000000013cc0000, 0x00000000154c0000)

Polling page: 0x0000000000de0000

CodeCache: size=245760Kb used=45615Kb max_used=46818Kb free=200144Kb
 bounds [0x00000000027f0000, 0x00000000055f0000, 0x00000000117f0000]
 total_blobs=14995 nmethods=14039 adapters=866
 compilation: enabled

Compilation events (10 events):
Event: 3460.117 Thread 0x000000001616b000 nmethod 17537 0x00000000033e7950 code [0x00000000033e7b20, 0x00000000033e8268]
Event: 3460.117 Thread 0x000000001616b000 17538       3       org.gradle.api.internal.artifacts.dependencies.AbstractDependency::hashCode (58 bytes)
Event: 3460.118 Thread 0x000000001616b000 nmethod 17538 0x0000000004eaff50 code [0x0000000004eb0120, 0x0000000004eb08f8]
Event: 3460.118 Thread 0x000000001616b000 17539       1       com.android.build.gradle.BaseExtension::getDataBinding (5 bytes)
Event: 3460.118 Thread 0x000000001616b000 nmethod 17539 0x00000000048b9a90 code [0x00000000048b9be0, 0x00000000048b9cf0]
Event: 3460.118 Thread 0x000000001616b000 17540       1       com.android.build.gradle.internal.dsl.DataBindingOptions::isEnabled (5 bytes)
Event: 3460.118 Thread 0x000000001616b000 nmethod 17540 0x0000000004fb6d90 code [0x0000000004fb6ee0, 0x0000000004fb6ff0]
Event: 3460.119 Thread 0x000000001616b000 17541       1       com.android.builder.core.VariantType::getPrefix (5 bytes)
Event: 3460.119 Thread 0x000000001616b000 nmethod 17541 0x0000000004fd3810 code [0x0000000004fd3960, 0x0000000004fd3a70]
Event: 3460.123 Thread 0x000000001616b000 17542       3       org.gradle.api.internal.artifacts.dependencies.DefaultExternalModuleDependency_Decorated::getVersion (37 bytes)

GC Heap History (10 events):
Event: 206.688 GC heap before
{Heap before GC invocations=21 (full 3):
 PSYoungGen      total 229376K, used 219186K [0x00000000e0000000, 0x00000000f0300000, 0x0000000100000000)
  eden space 208896K, 100% used [0x00000000e0000000,0x00000000ecc00000,0x00000000ecc00000)
  from space 20480K, 50% used [0x00000000ecc00000,0x00000000ed60c960,0x00000000ee000000)
  to   space 19968K, 0% used [0x00000000eef80000,0x00000000eef80000,0x00000000f0300000)
 ParOldGen       total 96768K, used 48320K [0x00000000a0000000, 0x00000000a5e80000, 0x00000000e0000000)
  object space 96768K, 49% used [0x00000000a0000000,0x00000000a2f302e8,0x00000000a5e80000)
 Metaspace       used 79419K, capacity 83020K, committed 83328K, reserved 1122304K
  class space    used 10352K, capacity 11117K, committed 11136K, reserved 1048576K
Event: 206.732 GC heap after
Heap after GC invocations=21 (full 3):
 PSYoungGen      total 241152K, used 19967K [0x00000000e0000000, 0x00000000f1480000, 0x0000000100000000)
  eden space 221184K, 0% used [0x00000000e0000000,0x00000000e0000000,0x00000000ed800000)
  from space 19968K, 99% used [0x00000000eef80000,0x00000000f02fff58,0x00000000f0300000)
  to   space 24064K, 0% used [0x00000000ed800000,0x00000000ed800000,0x00000000eef80000)
 ParOldGen       total 96768K, used 51035K [0x00000000a0000000, 0x00000000a5e80000, 0x00000000e0000000)
  object space 96768K, 52% used [0x00000000a0000000,0x00000000a31d6ef0,0x00000000a5e80000)
 Metaspace       used 79419K, capacity 83020K, committed 83328K, reserved 1122304K
  class space    used 10352K, capacity 11117K, committed 11136K, reserved 1048576K
}
Event: 211.253 GC heap before
{Heap before GC invocations=22 (full 3):
 PSYoungGen      total 241152K, used 241151K [0x00000000e0000000, 0x00000000f1480000, 0x0000000100000000)
  eden space 221184K, 100% used [0x00000000e0000000,0x00000000ed800000,0x00000000ed800000)
  from space 19968K, 99% used [0x00000000eef80000,0x00000000f02fff58,0x00000000f0300000)
  to   space 24064K, 0% used [0x00000000ed800000,0x00000000ed800000,0x00000000eef80000)
 ParOldGen       total 96768K, used 51035K [0x00000000a0000000, 0x00000000a5e80000, 0x00000000e0000000)
  object space 96768K, 52% used [0x00000000a0000000,0x00000000a31d6ef0,0x00000000a5e80000)
 Metaspace       used 81439K, capacity 85326K, committed 85504K, reserved 1124352K
  class space    used 10602K, capacity 11422K, committed 11520K, reserved 1048576K
Event: 211.291 GC heap after
Heap after GC invocations=22 (full 3):
 PSYoungGen      total 245248K, used 1990K [0x00000000e0000000, 0x00000000f2300000, 0x0000000100000000)
  eden space 221184K, 0% used [0x00000000e0000000,0x00000000e0000000,0x00000000ed800000)
  from space 24064K, 8% used [0x00000000ed800000,0x00000000ed9f1b78,0x00000000eef80000)
  to   space 24064K, 0% used [0x00000000f0b80000,0x00000000f0b80000,0x00000000f2300000)
 ParOldGen       total 96768K, used 64277K [0x00000000a0000000, 0x00000000a5e80000, 0x00000000e0000000)
  object space 96768K, 66% used [0x00000000a0000000,0x00000000a3ec5460,0x00000000a5e80000)
 Metaspace       used 81439K, capacity 85326K, committed 85504K, reserved 1124352K
  class space    used 10602K, capacity 11422K, committed 11520K, reserved 1048576K
}
Event: 212.836 GC heap before
{Heap before GC invocations=23 (full 3):
 PSYoungGen      total 245248K, used 222969K [0x00000000e0000000, 0x00000000f2300000, 0x0000000100000000)
  eden space 221184K, 99% used [0x00000000e0000000,0x00000000ed7ccbc8,0x00000000ed800000)
  from space 24064K, 8% used [0x00000000ed800000,0x00000000ed9f1b78,0x00000000eef80000)
  to   space 24064K, 0% used [0x00000000f0b80000,0x00000000f0b80000,0x00000000f2300000)
 ParOldGen       total 96768K, used 64277K [0x00000000a0000000, 0x00000000a5e80000, 0x00000000e0000000)
  object space 96768K, 66% used [0x00000000a0000000,0x00000000a3ec5460,0x00000000a5e80000)
 Metaspace       used 82339K, capacity 86398K, committed 86656K, reserved 1124352K
  class space    used 10739K, capacity 11618K, committed 11648K, reserved 1048576K
Event: 212.845 GC heap after
Heap after GC invocations=23 (full 3):
 PSYoungGen      total 269824K, used 4576K [0x00000000e0000000, 0x00000000f2000000, 0x0000000100000000)
  eden space 248832K, 0% used [0x00000000e0000000,0x00000000e0000000,0x00000000ef300000)
  from space 20992K, 21% used [0x00000000f0b80000,0x00000000f0ff80a8,0x00000000f2000000)
  to   space 23040K, 0% used [0x00000000ef300000,0x00000000ef300000,0x00000000f0980000)
 ParOldGen       total 96768K, used 64285K [0x00000000a0000000, 0x00000000a5e80000, 0x00000000e0000000)
  object space 96768K, 66% used [0x00000000a0000000,0x00000000a3ec7460,0x00000000a5e80000)
 Metaspace       used 82339K, capacity 86398K, committed 86656K, reserved 1124352K
  class space    used 10739K, capacity 11618K, committed 11648K, reserved 1048576K
}
Event: 2677.697 GC heap before
{Heap before GC invocations=24 (full 3):
 PSYoungGen      total 269824K, used 253408K [0x00000000e0000000, 0x00000000f2000000, 0x0000000100000000)
  eden space 248832K, 100% used [0x00000000e0000000,0x00000000ef300000,0x00000000ef300000)
  from space 20992K, 21% used [0x00000000f0b80000,0x00000000f0ff80a8,0x00000000f2000000)
  to   space 23040K, 0% used [0x00000000ef300000,0x00000000ef300000,0x00000000f0980000)
 ParOldGen       total 96768K, used 64285K [0x00000000a0000000, 0x00000000a5e80000, 0x00000000e0000000)
  object space 96768K, 66% used [0x00000000a0000000,0x00000000a3ec7460,0x00000000a5e80000)
 Metaspace       used 83590K, capacity 87730K, committed 87808K, reserved 1126400K
  class space    used 10877K, capacity 11742K, committed 11776K, reserved 1048576K
Event: 2677.732 GC heap after
Heap after GC invocations=24 (full 3):
 PSYoungGen      total 248320K, used 9360K [0x00000000e0000000, 0x00000000f1400000, 0x0000000100000000)
  eden space 238592K, 0% used [0x00000000e0000000,0x00000000e0000000,0x00000000ee900000)
  from space 9728K, 96% used [0x00000000ef300000,0x00000000efc242a0,0x00000000efc80000)
  to   space 22016K, 0% used [0x00000000efe80000,0x00000000efe80000,0x00000000f1400000)
 ParOldGen       total 96768K, used 64293K [0x00000000a0000000, 0x00000000a5e80000, 0x00000000e0000000)
  object space 96768K, 66% used [0x00000000a0000000,0x00000000a3ec9460,0x00000000a5e80000)
 Metaspace       used 83590K, capacity 87730K, committed 87808K, reserved 1126400K
  class space    used 10877K, capacity 11742K, committed 11776K, reserved 1048576K
}
Event: 2683.191 GC heap before
{Heap before GC invocations=25 (full 3):
 PSYoungGen      total 248320K, used 247323K [0x00000000e0000000, 0x00000000f1400000, 0x0000000100000000)
  eden space 238592K, 99% used [0x00000000e0000000,0x00000000ee862a18,0x00000000ee900000)
  from space 9728K, 96% used [0x00000000ef300000,0x00000000efc242a0,0x00000000efc80000)
  to   space 22016K, 0% used [0x00000000efe80000,0x00000000efe80000,0x00000000f1400000)
 ParOldGen       total 96768K, used 64293K [0x00000000a0000000, 0x00000000a5e80000, 0x00000000e0000000)
  object space 96768K, 66% used [0x00000000a0000000,0x00000000a3ec9460,0x00000000a5e80000)
 Metaspace       used 84355K, capacity 88694K, committed 88960K, reserved 1126400K
  class space    used 10943K, capacity 11870K, committed 11904K, reserved 1048576K
Event: 2683.213 GC heap after
Heap after GC invocations=25 (full 3):
 PSYoungGen      total 242176K, used 12816K [0x00000000e0000000, 0x00000000f0b80000, 0x0000000100000000)
  eden space 228864K, 0% used [0x00000000e0000000,0x00000000e0000000,0x00000000edf80000)
  from space 13312K, 96% used [0x00000000efe80000,0x00000000f0b043d8,0x00000000f0b80000)
  to   space 22016K, 0% used [0x00000000ee080000,0x00000000ee080000,0x00000000ef600000)
 ParOldGen       total 96768K, used 64301K [0x00000000a0000000, 0x00000000a5e80000, 0x00000000e0000000)
  object space 96768K, 66% used [0x00000000a0000000,0x00000000a3ecb460,0x00000000a5e80000)
 Metaspace       used 84355K, capacity 88694K, committed 88960K, reserved 1126400K
  class space    used 10943K, capacity 11870K, committed 11904K, reserved 1048576K
}

Deoptimization events (10 events):
Event: 2683.309 Thread 0x000000001b078800 Uncommon trap: reason=bimorphic action=maybe_recompile pc=0x0000000005107fc8 method=com.google.common.collect.Iterables.toArray(Ljava/lang/Iterable;[Ljava/lang/Object;)[Ljava/lang/Object; @ 7
Event: 2683.309 Thread 0x000000001b078800 Uncommon trap: reason=class_check action=maybe_recompile pc=0x0000000005107cdc method=com.google.common.collect.ImmutableMap.copyOf(Ljava/lang/Iterable;)Lcom/google/common/collect/ImmutableMap; @ 53
Event: 2683.354 Thread 0x000000001b078800 Uncommon trap: reason=bimorphic action=maybe_recompile pc=0x0000000005107fc8 method=com.google.common.collect.Iterables.toArray(Ljava/lang/Iterable;[Ljava/lang/Object;)[Ljava/lang/Object; @ 7
Event: 2683.515 Thread 0x0000000019805000 Uncommon trap: reason=unstable_if action=reinterpret pc=0x000000000469f214 method=java.lang.ref.SoftReference.get()Ljava/lang/Object; @ 6
Event: 2683.515 Thread 0x0000000019805000 Uncommon trap: reason=unstable_if action=reinterpret pc=0x0000000002d78b34 method=java.lang.ref.SoftReference.get()Ljava/lang/Object; @ 6
Event: 2683.515 Thread 0x0000000019805000 Uncommon trap: reason=unstable_if action=reinterpret pc=0x00000000048b9bfc method=java.util.Arrays.equals([Ljava/lang/Object;[Ljava/lang/Object;)Z @ 12
Event: 2683.515 Thread 0x0000000019805000 Uncommon trap: reason=unstable_if action=reinterpret pc=0x0000000002ddcf88 method=java.lang.ref.SoftReference.get()Ljava/lang/Object; @ 6
Event: 2683.536 Thread 0x0000000019805000 Uncommon trap: reason=unstable_if action=reinterpret pc=0x00000000030e7d40 method=java.lang.ref.SoftReference.get()Ljava/lang/Object; @ 6
Event: 2683.536 Thread 0x0000000019805000 Uncommon trap: reason=unstable_if action=reinterpret pc=0x0000000003e829d0 method=java.lang.ref.SoftReference.get()Ljava/lang/Object; @ 6
Event: 2683.536 Thread 0x0000000019805000 Uncommon trap: reason=unstable_if action=reinterpret pc=0x00000000041b4934 method=java.util.concurrent.ConcurrentHashMap.replaceNode(Ljava/lang/Object;Ljava/lang/Object;Ljava/lang/Object;)Ljava/lang/Object; @ 136

Classes redefined (0 events):
No events

Internal exceptions (10 events):
Event: 3459.967 Thread 0x000000001b079000 Exception <a 'sun/nio/fs/WindowsException'> (0x00000000ed99b8a8) thrown at [D:\src\AOSP-openjdk-cygwin\jdk8u\hotspot\src\share\vm\prims\jni.cpp, line 709]
Event: 3459.967 Thread 0x000000001b079000 Exception <a 'sun/nio/fs/WindowsException'> (0x00000000ed99c400) thrown at [D:\src\AOSP-openjdk-cygwin\jdk8u\hotspot\src\share\vm\prims\jni.cpp, line 709]
Event: 3459.968 Thread 0x000000001b079000 Exception <a 'sun/nio/fs/WindowsException'> (0x00000000ed99fa38) thrown at [D:\src\AOSP-openjdk-cygwin\jdk8u\hotspot\src\share\vm\prims\jni.cpp, line 709]
Event: 3459.969 Thread 0x000000001b079000 Exception <a 'sun/nio/fs/WindowsException'> (0x00000000ed9a0568) thrown at [D:\src\AOSP-openjdk-cygwin\jdk8u\hotspot\src\share\vm\prims\jni.cpp, line 709]
Event: 3459.969 Thread 0x000000001b079000 Exception <a 'sun/nio/fs/WindowsException'> (0x00000000ed9a20e0) thrown at [D:\src\AOSP-openjdk-cygwin\jdk8u\hotspot\src\share\vm\prims\jni.cpp, line 709]
Event: 3459.969 Thread 0x000000001b079000 Exception <a 'sun/nio/fs/WindowsException'> (0x00000000ed9a2c48) thrown at [D:\src\AOSP-openjdk-cygwin\jdk8u\hotspot\src\share\vm\prims\jni.cpp, line 709]
Event: 3459.970 Thread 0x000000001b079000 Exception <a 'sun/nio/fs/WindowsException'> (0x00000000ed9a5c18) thrown at [D:\src\AOSP-openjdk-cygwin\jdk8u\hotspot\src\share\vm\prims\jni.cpp, line 709]
Event: 3459.970 Thread 0x000000001b079000 Exception <a 'sun/nio/fs/WindowsException'> (0x00000000ed9a6730) thrown at [D:\src\AOSP-openjdk-cygwin\jdk8u\hotspot\src\share\vm\prims\jni.cpp, line 709]
Event: 3459.971 Thread 0x000000001b079000 Exception <a 'sun/nio/fs/WindowsException'> (0x00000000ed9a8298) thrown at [D:\src\AOSP-openjdk-cygwin\jdk8u\hotspot\src\share\vm\prims\jni.cpp, line 709]
Event: 3459.971 Thread 0x000000001b079000 Exception <a 'sun/nio/fs/WindowsException'> (0x00000000ed9a8df0) thrown at [D:\src\AOSP-openjdk-cygwin\jdk8u\hotspot\src\share\vm\prims\jni.cpp, line 709]

Events (10 events):
Event: 3460.083 Thread 0x000000001616b000 flushing nmethod 0x0000000003e81790
Event: 3460.087 Thread 0x000000001616b000 flushing nmethod 0x00000000041b4210
Event: 3460.092 Thread 0x000000001616b000 flushing nmethod 0x0000000004519150
Event: 3460.093 Thread 0x000000001616b000 flushing nmethod 0x000000000469ea50
Event: 3460.095 Thread 0x000000001616b000 flushing nmethod 0x00000000048b9990
Event: 3460.102 Thread 0x000000001616b000 flushing nmethod 0x00000000051062d0
Event: 3460.102 Thread 0x000000001616b000 flushing nmethod 0x0000000005197610
Event: 3460.103 Thread 0x000000001616b000 flushing nmethod 0x00000000052132d0
Event: 3460.103 Thread 0x000000001616b000 flushing nmethod 0x00000000052138d0
Event: 3460.103 Thread 0x000000001616b000 flushing nmethod 0x0000000005214a50


Dynamic libraries:
0x00007ff6ed350000 - 0x00007ff6ed381000 	C:\Program Files (x86)\Android\Android Studio\jre\bin\java.exe
0x00007fff97830000 - 0x00007fff97a11000 	C:\WINDOWS\SYSTEM32\ntdll.dll
0x00007fff6f900000 - 0x00007fff6f934000 	C:\Program Files\AVAST Software\Avast\x64\aswhooka.dll
0x00007fff96fc0000 - 0x00007fff97072000 	C:\WINDOWS\System32\KERNEL32.DLL
0x00007fff93c00000 - 0x00007fff93e73000 	C:\WINDOWS\System32\KERNELBASE.dll
0x00007fff94cc0000 - 0x00007fff94d61000 	C:\WINDOWS\System32\ADVAPI32.dll
0x00007fff96940000 - 0x00007fff969de000 	C:\WINDOWS\System32\msvcrt.dll
0x00007fff97180000 - 0x00007fff971db000 	C:\WINDOWS\System32\sechost.dll
0x00007fff96810000 - 0x00007fff96934000 	C:\WINDOWS\System32\RPCRT4.dll
0x00007fff969e0000 - 0x00007fff96b70000 	C:\WINDOWS\System32\USER32.dll
0x00007fff94a50000 - 0x00007fff94a70000 	C:\WINDOWS\System32\win32u.dll
0x00007fff94e10000 - 0x00007fff94e38000 	C:\WINDOWS\System32\GDI32.dll
0x00007fff94ad0000 - 0x00007fff94c62000 	C:\WINDOWS\System32\gdi32full.dll
0x00007fff949b0000 - 0x00007fff94a4f000 	C:\WINDOWS\System32\msvcp_win.dll
0x00007fff941a0000 - 0x00007fff9429a000 	C:\WINDOWS\System32\ucrtbase.dll
0x00007fff7c4a0000 - 0x00007fff7c709000 	C:\WINDOWS\WinSxS\amd64_microsoft.windows.common-controls_6595b64144ccf1df_6.0.17134.285_none_fb4297e330656775\COMCTL32.dll
0x00007fff974d0000 - 0x00007fff977f3000 	C:\WINDOWS\System32\combase.dll
0x00007fff94120000 - 0x00007fff9419a000 	C:\WINDOWS\System32\bcryptPrimitives.dll
0x00007fff97080000 - 0x00007fff970ad000 	C:\WINDOWS\System32\IMM32.DLL
0x000000005c900000 - 0x000000005c9d2000 	C:\Program Files (x86)\Android\Android Studio\jre\jre\bin\msvcr100.dll
0x000000005c9e0000 - 0x000000005d21f000 	C:\Program Files (x86)\Android\Android Studio\jre\jre\bin\server\jvm.dll
0x00007fff97460000 - 0x00007fff97468000 	C:\WINDOWS\System32\PSAPI.DLL
0x00007fff7dc60000 - 0x00007fff7dc69000 	C:\WINDOWS\SYSTEM32\WSOCK32.dll
0x00007fff96290000 - 0x00007fff962fc000 	C:\WINDOWS\System32\WS2_32.dll
0x00007fff8fcd0000 - 0x00007fff8fcf3000 	C:\WINDOWS\SYSTEM32\WINMM.dll
0x00007fff862b0000 - 0x00007fff862ba000 	C:\WINDOWS\SYSTEM32\VERSION.dll
0x00007fff8fca0000 - 0x00007fff8fcca000 	C:\WINDOWS\SYSTEM32\WINMMBASE.dll
0x00007fff94c70000 - 0x00007fff94cb9000 	C:\WINDOWS\System32\cfgmgr32.dll
0x00007fff8e180000 - 0x00007fff8e18f000 	C:\Program Files (x86)\Android\Android Studio\jre\jre\bin\verify.dll
0x00007fff88bb0000 - 0x00007fff88bd9000 	C:\Program Files (x86)\Android\Android Studio\jre\jre\bin\java.dll
0x00007fff8e160000 - 0x00007fff8e176000 	C:\Program Files (x86)\Android\Android Studio\jre\jre\bin\zip.dll
0x00007fff94e40000 - 0x00007fff96280000 	C:\WINDOWS\System32\SHELL32.dll
0x00007fff973b0000 - 0x00007fff97459000 	C:\WINDOWS\System32\shcore.dll
0x00007fff942a0000 - 0x00007fff949ad000 	C:\WINDOWS\System32\windows.storage.dll
0x00007fff96300000 - 0x00007fff96351000 	C:\WINDOWS\System32\shlwapi.dll
0x00007fff93b60000 - 0x00007fff93b71000 	C:\WINDOWS\System32\kernel.appcore.dll
0x00007fff93b40000 - 0x00007fff93b5f000 	C:\WINDOWS\System32\profapi.dll
0x00007fff93b90000 - 0x00007fff93bdc000 	C:\WINDOWS\System32\powrprof.dll
0x00007fff93b80000 - 0x00007fff93b8a000 	C:\WINDOWS\System32\FLTLIB.DLL
0x00007fff8c6c0000 - 0x00007fff8c6da000 	C:\Program Files (x86)\Android\Android Studio\jre\jre\bin\net.dll
0x00007fff93360000 - 0x00007fff933c6000 	C:\WINDOWS\system32\mswsock.dll
0x00007fff88b90000 - 0x00007fff88ba1000 	C:\Program Files (x86)\Android\Android Studio\jre\jre\bin\nio.dll
0x00007fff88b70000 - 0x00007fff88b8e000 	C:\Users\HP\.gradle\native\25\windows-amd64\native-platform.dll
0x00007fff8df10000 - 0x00007fff8df1d000 	C:\Program Files (x86)\Android\Android Studio\jre\jre\bin\management.dll
0x00007fff93570000 - 0x00007fff93587000 	C:\WINDOWS\SYSTEM32\CRYPTSP.dll
0x00007fff92f40000 - 0x00007fff92f73000 	C:\WINDOWS\system32\rsaenh.dll
0x00007fff93690000 - 0x00007fff936b5000 	C:\WINDOWS\SYSTEM32\bcrypt.dll
0x00007fff93a40000 - 0x00007fff93a68000 	C:\WINDOWS\SYSTEM32\USERENV.dll
0x00007fff93970000 - 0x00007fff9397b000 	C:\WINDOWS\SYSTEM32\CRYPTBASE.dll
0x00007fff930e0000 - 0x00007fff93118000 	C:\WINDOWS\SYSTEM32\IPHLPAPI.DLL
0x00007fff96280000 - 0x00007fff96288000 	C:\WINDOWS\System32\NSI.dll
0x00007fff8ae50000 - 0x00007fff8ae66000 	C:\WINDOWS\SYSTEM32\dhcpcsvc6.DLL
0x00007fff8b390000 - 0x00007fff8b3aa000 	C:\WINDOWS\SYSTEM32\dhcpcsvc.DLL
0x00007fff852f0000 - 0x00007fff85486000 	C:\Program Files (x86)\Android\Android Studio\jre\jre\bin\awt.dll
0x00007fff970b0000 - 0x00007fff97172000 	C:\WINDOWS\System32\OLEAUT32.dll
0x00007fff90bc0000 - 0x00007fff91187000 	C:\WINDOWS\SYSTEM32\d2d1.dll
0x00007fff918f0000 - 0x00007fff9197b000 	C:\WINDOWS\SYSTEM32\apphelp.dll
0x00007fff91d00000 - 0x00007fff91d29000 	C:\WINDOWS\system32\DWMAPI.DLL
0x00007fff91a60000 - 0x00007fff91af8000 	C:\WINDOWS\system32\uxtheme.dll
0x00007fff92c30000 - 0x00007fff92c61000 	C:\WINDOWS\SYSTEM32\ntmarta.dll

VM Arguments:
jvm_args: -Xmx1536m -Dfile.encoding=windows-1252 -Duser.country=US -Duser.language=en -Duser.variant 
java_command: org.gradle.launcher.daemon.bootstrap.GradleDaemon 4.4
java_class_path (initial): C:\Users\HP\.gradle\wrapper\dists\gradle-4.4-all\9br9xq1tocpiv8o6njlyu5op1\gradle-4.4\lib\gradle-launcher-4.4.jar
Launcher Type: SUN_STANDARD

Environment Variables:
PATH=C:\Program Files (x86)\Common Files\Oracle\Java\javapath;C:\Program Files (x86)\Common Files\ArcSoft\Bin;C:\Program Files (x86)\Intel\iCLS Client\;C:\Program Files\Intel\iCLS Client\;C:\WINDOWS\system32;C:\WINDOWS;C:\WINDOWS\System32\Wbem;C:\WINDOWS\System32\WindowsPowerShell\v1.0\;C:\Program Files (x86)\Intel\Intel(R) Management Engine Components\DAL;C:\Program Files\Intel\Intel(R) Management Engine Components\DAL;C:\Program Files (x86)\Intel\Intel(R) Management Engine Components\IPT;C:\Program Files\Intel\Intel(R) Management Engine Components\IPT;c:\Program Files\Intel\WiFi\bin\;c:\Program Files\Common Files\Intel\WirelessCommon\;C:\Program Files (x86)\GtkSharp\2.12\bin;C:\WINDOWS\System32\OpenSSH\;C:\Users\HP\AppData\Local\Android\Sdk;C:\Program Files (x86)\Java\jdk1.6.0_18\bin;%USERPROFILE%\AppData\Local\Microsoft\WindowsApps;
USERNAME=HP
OS=Windows_NT
PROCESSOR_IDENTIFIER=Intel64 Family 6 Model 61 Stepping 4, GenuineIntel



---------------  S Y S T E M  ---------------

OS: Windows 10.0 , 64 bit Build 17134 (10.0.17134.1)

CPU:total 4 (initial active 4) (2 cores per cpu, 2 threads per core) family 6 model 61 stepping 4, cmov, cx8, fxsr, mmx, sse, sse2, sse3, ssse3, sse4.1, sse4.2, popcnt, avx, avx2, aes, clmul, erms, 3dnowpref, lzcnt, ht, tsc, tscinvbit, bmi1, bmi2, adx

Memory: 4k page, physical 4082796k(314736k free), swap 4082796k(17552k free)

vm_info: OpenJDK 64-Bit Server VM (25.152-b02) for windows-amd64 JRE (1.8.0_152-release-1024-b02), built by "builder" with MS VC++ 10.0 (VS2010)

time: Mon Oct 08 23:23:59 2018
elapsed time: 3460 seconds (0d 0h 57m 40s)

